[2017/01/09 16:14:31 371] grm_lex    106  asr_res_path  :  fo|res/asr/common.jet  
[2017/01/09 16:14:31 371] grm_lex    106  sample_rate  :  16000  
[2017/01/09 16:14:31 371] grm_lex    106  grm_build_path  :  res/asr/GrmBuilld  
[2017/01/09 16:14:31 372] grm_lex    254  ISR_MSG_BUILDGRAMMAR ret =  0  
[2017/01/09 16:14:31 424] grm_lex    71   0  test  
============================================================
Time  2017/01/09 16:14:39 479 
============================================================
[2017/01/09 16:14:39 480] grm_lex    264  SYS_MSG_LOAD  
[2017/01/09 16:14:39 480] grm_lex    281  SYS_MSG_REGCB  
[2017/01/09 16:14:39 482] grm_lex    267  SYS_MSG_UNLOAD  
[2017/01/09 16:14:39 482] grm_lex    281  SYS_MSG_REGCB  
[2017/01/09 16:14:39 482] grm_lex    251  ISR_MSG_BUILDGRAMMAR  
[2017/01/09 16:14:39 482] grm_lex    100  grm_type :  bnf  
[2017/01/09 16:14:39 482] grm_lex    106  engine_type  :  local  
[2017/01/09 16:14:39 482] grm_lex    106  asr_res_path  :  fo|res/asr/common.jet  
[2017/01/09 16:14:39 482] grm_lex    106  sample_rate  :  16000  
[2017/01/09 16:14:39 483] grm_lex    106  grm_build_path  :  res/asr/GrmBuilld  
[2017/01/09 16:14:39 484] grm_lex    254  ISR_MSG_BUILDGRAMMAR ret =  0  
[2017/01/09 16:14:39 634] grm_lex    71   0  test  
============================================================
Time  2017/01/09 16:14:46 796 
============================================================
[2017/01/09 16:14:46 796] grm_lex    264  SYS_MSG_LOAD  
[2017/01/09 16:14:46 796] grm_lex    281  SYS_MSG_REGCB  
[2017/01/09 16:14:46 796] grm_lex    267  SYS_MSG_UNLOAD  
[2017/01/09 16:14:46 796] grm_lex    281  SYS_MSG_REGCB  
[2017/01/09 16:14:46 796] grm_lex    251  ISR_MSG_BUILDGRAMMAR  
[2017/01/09 16:14:46 796] grm_lex    100  grm_type :  bnf  
[2017/01/09 16:14:46 796] grm_lex    106  engine_type  :  local  
[2017/01/09 16:14:46 796] grm_lex    106  asr_res_path  :  fo|res/asr/common.jet  
[2017/01/09 16:14:46 796] grm_lex    106  sample_rate  :  16000  
[2017/01/09 16:14:46 796] grm_lex    106  grm_build_path  :  res/asr/GrmBuilld  
[2017/01/09 16:14:46 799] grm_lex    254  ISR_MSG_BUILDGRAMMAR ret =  0  
[2017/01/09 16:14:46 888] grm_lex    71   0  test  
============================================================
Time  2017/01/09 16:14:52 285 
============================================================
[2017/01/09 16:14:52 286] grm_lex    264  SYS_MSG_LOAD  
[2017/01/09 16:14:52 286] grm_lex    281  SYS_MSG_REGCB  
[2017/01/09 16:14:52 286] grm_lex    267  SYS_MSG_UNLOAD  
[2017/01/09 16:14:52 286] grm_lex    281  SYS_MSG_REGCB  
[2017/01/09 16:14:52 286] grm_lex    251  ISR_MSG_BUILDGRAMMAR  
[2017/01/09 16:14:52 288] grm_lex    100  grm_type :  bnf  
[2017/01/09 16:14:52 288] grm_lex    106  engine_type  :  local  
[2017/01/09 16:14:52 288] grm_lex    106  asr_res_path  :  fo|res/asr/common.jet  
[2017/01/09 16:14:52 288] grm_lex    106  sample_rate  :  16000  
[2017/01/09 16:14:52 288] grm_lex    106  grm_build_path  :  res/asr/GrmBuilld  
[2017/01/09 16:14:52 289] grm_lex    254  ISR_MSG_BUILDGRAMMAR ret =  0  
[2017/01/09 16:14:52 414] grm_lex    71   0  test  
============================================================
Time  2017/01/09 16:16:20 365 
============================================================
[2017/01/09 16:16:20 367] grm_lex    264  SYS_MSG_LOAD  
[2017/01/09 16:16:20 367] grm_lex    281  SYS_MSG_REGCB  
[2017/01/09 16:16:20 367] grm_lex    267  SYS_MSG_UNLOAD  
[2017/01/09 16:16:20 368] grm_lex    281  SYS_MSG_REGCB  
[2017/01/09 16:16:20 368] grm_lex    251  ISR_MSG_BUILDGRAMMAR  
[2017/01/09 16:16:20 368] grm_lex    100  grm_type :  bnf  
[2017/01/09 16:16:20 368] grm_lex    106  engine_type  :  local  
[2017/01/09 16:16:20 368] grm_lex    106  asr_res_path  :  fo|res/asr/common.jet  
[2017/01/09 16:16:20 368] grm_lex    106  sample_rate  :  16000  
[2017/01/09 16:16:20 368] grm_lex    106  grm_build_path  :  res/asr/GrmBuilld  
[2017/01/09 16:16:20 369] grm_lex    254  ISR_MSG_BUILDGRAMMAR ret =  0  
[2017/01/09 16:16:20 424] grm_lex    71   0  test  
============================================================
Time  2017/01/09 16:16:31 467 
============================================================
[2017/01/09 16:16:31 467] grm_lex    264  SYS_MSG_LOAD  
[2017/01/09 16:16:31 467] grm_lex    281  SYS_MSG_REGCB  
[2017/01/09 16:16:31 467] grm_lex    267  SYS_MSG_UNLOAD  
[2017/01/09 16:16:31 467] grm_lex    281  SYS_MSG_REGCB  
[2017/01/09 16:16:31 467] grm_lex    251  ISR_MSG_BUILDGRAMMAR  
[2017/01/09 16:16:31 467] grm_lex    100  grm_type :  bnf  
[2017/01/09 16:16:31 467] grm_lex    106  engine_type  :  local  
[2017/01/09 16:16:31 467] grm_lex    106  asr_res_path  :  fo|res/asr/common.jet  
[2017/01/09 16:16:31 469] grm_lex    106  sample_rate  :  16000  
[2017/01/09 16:16:31 469] grm_lex    106  grm_build_path  :  res/asr/GrmBuilld  
[2017/01/09 16:16:31 470] grm_lex    254  ISR_MSG_BUILDGRAMMAR ret =  0  
[2017/01/09 16:16:31 552] grm_lex    71   0  test  
============================================================
Time  2017/01/09 16:16:37 118 
============================================================
[2017/01/09 16:16:37 118] grm_lex    264  SYS_MSG_LOAD  
[2017/01/09 16:16:37 118] grm_lex    281  SYS_MSG_REGCB  
[2017/01/09 16:16:37 118] grm_lex    267  SYS_MSG_UNLOAD  
[2017/01/09 16:16:37 119] grm_lex    281  SYS_MSG_REGCB  
[2017/01/09 16:16:37 119] grm_lex    251  ISR_MSG_BUILDGRAMMAR  
[2017/01/09 16:16:37 119] grm_lex    100  grm_type :  bnf  
[2017/01/09 16:16:37 119] grm_lex    106  engine_type  :  local  
[2017/01/09 16:16:37 119] grm_lex    106  asr_res_path  :  fo|res/asr/common.jet  
[2017/01/09 16:16:37 119] grm_lex    106  sample_rate  :  16000  
[2017/01/09 16:16:37 121] grm_lex    106  grm_build_path  :  res/asr/GrmBuilld  
[2017/01/09 16:16:37 121] grm_lex    254  ISR_MSG_BUILDGRAMMAR ret =  0  
[2017/01/09 16:16:37 203] grm_lex    71   0  test  
============================================================
Time  2017/01/09 16:16:41 190 
============================================================
[2017/01/09 16:16:41 190] grm_lex    264  SYS_MSG_LOAD  
[2017/01/09 16:16:41 190] grm_lex    281  SYS_MSG_REGCB  
[2017/01/09 16:16:41 190] grm_lex    267  SYS_MSG_UNLOAD  
[2017/01/09 16:16:41 191] grm_lex    281  SYS_MSG_REGCB  
[2017/01/09 16:16:41 191] grm_lex    251  ISR_MSG_BUILDGRAMMAR  
[2017/01/09 16:16:41 191] grm_lex    100  grm_type :  bnf  
[2017/01/09 16:16:41 191] grm_lex    106  engine_type  :  local  
[2017/01/09 16:16:41 191] grm_lex    106  asr_res_path  :  fo|res/asr/common.jet  
[2017/01/09 16:16:41 191] grm_lex    106  sample_rate  :  16000  
[2017/01/09 16:16:41 191] grm_lex    106  grm_build_path  :  res/asr/GrmBuilld  
[2017/01/09 16:16:41 193] grm_lex    254  ISR_MSG_BUILDGRAMMAR ret =  0  
[2017/01/09 16:16:41 278] grm_lex    71   0  test  
============================================================
Time  2017/01/09 16:16:44 911 
============================================================
[2017/01/09 16:16:44 913] grm_lex    264  SYS_MSG_LOAD  
[2017/01/09 16:16:44 913] grm_lex    281  SYS_MSG_REGCB  
[2017/01/09 16:16:44 914] grm_lex    267  SYS_MSG_UNLOAD  
[2017/01/09 16:16:44 914] grm_lex    281  SYS_MSG_REGCB  
[2017/01/09 16:16:44 914] grm_lex    251  ISR_MSG_BUILDGRAMMAR  
[2017/01/09 16:16:44 914] grm_lex    100  grm_type :  bnf  
[2017/01/09 16:16:44 914] grm_lex    106  engine_type  :  local  
[2017/01/09 16:16:44 914] grm_lex    106  asr_res_path  :  fo|res/asr/common.jet  
[2017/01/09 16:16:44 914] grm_lex    106  sample_rate  :  16000  
[2017/01/09 16:16:44 914] grm_lex    106  grm_build_path  :  res/asr/GrmBuilld  
[2017/01/09 16:16:44 917] grm_lex    254  ISR_MSG_BUILDGRAMMAR ret =  0  
[2017/01/09 16:16:45 078] grm_lex    71   0  test  
============================================================
Time  2017/01/09 16:16:47 424 
============================================================
[2017/01/09 16:16:47 424] grm_lex    264  SYS_MSG_LOAD  
[2017/01/09 16:16:47 424] grm_lex    281  SYS_MSG_REGCB  
[2017/01/09 16:16:47 424] grm_lex    267  SYS_MSG_UNLOAD  
[2017/01/09 16:16:47 426] grm_lex    281  SYS_MSG_REGCB  
[2017/01/09 16:16:47 426] grm_lex    251  ISR_MSG_BUILDGRAMMAR  
[2017/01/09 16:16:47 426] grm_lex    100  grm_type :  bnf  
[2017/01/09 16:16:47 426] grm_lex    106  engine_type  :  local  
[2017/01/09 16:16:47 427] grm_lex    106  asr_res_path  :  fo|res/asr/common.jet  
[2017/01/09 16:16:47 427] grm_lex    106  sample_rate  :  16000  
[2017/01/09 16:16:47 427] grm_lex    106  grm_build_path  :  res/asr/GrmBuilld  
[2017/01/09 16:16:47 428] grm_lex    254  ISR_MSG_BUILDGRAMMAR ret =  0  
[2017/01/09 16:16:47 528] grm_lex    71   0  test  
============================================================
Time  2017/01/10 10:37:40 121 
============================================================
[2017/01/10 10:37:40 121] grm_lex    264  SYS_MSG_LOAD  
[2017/01/10 10:37:40 148] grm_lex    281  SYS_MSG_REGCB  
[2017/01/10 10:37:40 148] grm_lex    267  SYS_MSG_UNLOAD  
[2017/01/10 10:37:40 148] grm_lex    281  SYS_MSG_REGCB  
[2017/01/10 10:37:40 148] grm_lex    251  ISR_MSG_BUILDGRAMMAR  
[2017/01/10 10:37:40 148] grm_lex    100  grm_type :  bnf  
[2017/01/10 10:37:40 148] grm_lex    106  engine_type  :  local  
[2017/01/10 10:37:40 148] grm_lex    106  asr_res_path  :  fo|res/asr/common.jet  
[2017/01/10 10:37:40 148] grm_lex    106  sample_rate  :  16000  
[2017/01/10 10:37:40 148] grm_lex    106  grm_build_path  :  res/asr/GrmBuilld  
[2017/01/10 10:37:40 151] grm_lex    254  ISR_MSG_BUILDGRAMMAR ret =  0  
[2017/01/10 10:37:40 421] grm_lex    71   0  test  
============================================================
Time  2017/01/10 10:37:48 549 
============================================================
[2017/01/10 10:37:48 551] grm_lex    264  SYS_MSG_LOAD  
[2017/01/10 10:37:48 551] grm_lex    281  SYS_MSG_REGCB  
[2017/01/10 10:37:48 551] grm_lex    267  SYS_MSG_UNLOAD  
[2017/01/10 10:37:48 552] grm_lex    281  SYS_MSG_REGCB  
[2017/01/10 10:37:48 552] grm_lex    251  ISR_MSG_BUILDGRAMMAR  
[2017/01/10 10:37:48 552] grm_lex    100  grm_type :  bnf  
[2017/01/10 10:37:48 552] grm_lex    106  engine_type  :  local  
[2017/01/10 10:37:48 552] grm_lex    106  asr_res_path  :  fo|res/asr/common.jet  
[2017/01/10 10:37:48 552] grm_lex    106  sample_rate  :  16000  
[2017/01/10 10:37:48 552] grm_lex    106  grm_build_path  :  res/asr/GrmBuilld  
[2017/01/10 10:37:48 553] grm_lex    254  ISR_MSG_BUILDGRAMMAR ret =  0  
[2017/01/10 10:37:48 673] grm_lex    71   0  test  
============================================================
Time  2017/01/10 10:37:54 117 
============================================================
[2017/01/10 10:37:54 118] grm_lex    264  SYS_MSG_LOAD  
[2017/01/10 10:37:54 118] grm_lex    281  SYS_MSG_REGCB  
[2017/01/10 10:37:54 118] grm_lex    267  SYS_MSG_UNLOAD  
[2017/01/10 10:37:54 119] grm_lex    281  SYS_MSG_REGCB  
[2017/01/10 10:37:54 121] grm_lex    251  ISR_MSG_BUILDGRAMMAR  
[2017/01/10 10:37:54 121] grm_lex    100  grm_type :  bnf  
[2017/01/10 10:37:54 121] grm_lex    106  engine_type  :  local  
[2017/01/10 10:37:54 121] grm_lex    106  asr_res_path  :  fo|res/asr/common.jet  
[2017/01/10 10:37:54 121] grm_lex    106  sample_rate  :  16000  
[2017/01/10 10:37:54 121] grm_lex    106  grm_build_path  :  res/asr/GrmBuilld  
[2017/01/10 10:37:54 122] grm_lex    254  ISR_MSG_BUILDGRAMMAR ret =  0  
[2017/01/10 10:37:54 305] grm_lex    71   0  test  
============================================================
Time  2017/01/10 10:37:56 568 
============================================================
[2017/01/10 10:37:56 568] grm_lex    264  SYS_MSG_LOAD  
[2017/01/10 10:37:56 568] grm_lex    281  SYS_MSG_REGCB  
[2017/01/10 10:37:56 569] grm_lex    267  SYS_MSG_UNLOAD  
[2017/01/10 10:37:56 569] grm_lex    281  SYS_MSG_REGCB  
[2017/01/10 10:37:56 569] grm_lex    251  ISR_MSG_BUILDGRAMMAR  
[2017/01/10 10:37:56 569] grm_lex    100  grm_type :  bnf  
[2017/01/10 10:37:56 569] grm_lex    106  engine_type  :  local  
[2017/01/10 10:37:56 569] grm_lex    106  asr_res_path  :  fo|res/asr/common.jet  
[2017/01/10 10:37:56 569] grm_lex    106  sample_rate  :  16000  
[2017/01/10 10:37:56 569] grm_lex    106  grm_build_path  :  res/asr/GrmBuilld  
[2017/01/10 10:37:56 572] grm_lex    254  ISR_MSG_BUILDGRAMMAR ret =  0  
[2017/01/10 10:37:56 729] grm_lex    71   0  test  
============================================================
Time  2017/01/10 10:37:57 944 
============================================================
[2017/01/10 10:37:57 944] grm_lex    264  SYS_MSG_LOAD  
[2017/01/10 10:37:57 944] grm_lex    281  SYS_MSG_REGCB  
[2017/01/10 10:37:57 944] grm_lex    267  SYS_MSG_UNLOAD  
[2017/01/10 10:37:57 946] grm_lex    281  SYS_MSG_REGCB  
[2017/01/10 10:37:57 946] grm_lex    251  ISR_MSG_BUILDGRAMMAR  
[2017/01/10 10:37:57 946] grm_lex    100  grm_type :  bnf  
[2017/01/10 10:37:57 946] grm_lex    106  engine_type  :  local  
[2017/01/10 10:37:57 946] grm_lex    106  asr_res_path  :  fo|res/asr/common.jet  
[2017/01/10 10:37:57 946] grm_lex    106  sample_rate  :  16000  
[2017/01/10 10:37:57 946] grm_lex    106  grm_build_path  :  res/asr/GrmBuilld  
[2017/01/10 10:37:57 947] grm_lex    254  ISR_MSG_BUILDGRAMMAR ret =  0  
[2017/01/10 10:37:58 063] grm_lex    71   0  test  
============================================================
Time  2017/01/10 10:37:59 211 
============================================================
[2017/01/10 10:37:59 211] grm_lex    264  SYS_MSG_LOAD  
[2017/01/10 10:37:59 211] grm_lex    281  SYS_MSG_REGCB  
[2017/01/10 10:37:59 211] grm_lex    267  SYS_MSG_UNLOAD  
[2017/01/10 10:37:59 213] grm_lex    281  SYS_MSG_REGCB  
[2017/01/10 10:37:59 213] grm_lex    251  ISR_MSG_BUILDGRAMMAR  
[2017/01/10 10:37:59 213] grm_lex    100  grm_type :  bnf  
[2017/01/10 10:37:59 213] grm_lex    106  engine_type  :  local  
[2017/01/10 10:37:59 213] grm_lex    106  asr_res_path  :  fo|res/asr/common.jet  
[2017/01/10 10:37:59 213] grm_lex    106  sample_rate  :  16000  
[2017/01/10 10:37:59 213] grm_lex    106  grm_build_path  :  res/asr/GrmBuilld  
[2017/01/10 10:37:59 214] grm_lex    254  ISR_MSG_BUILDGRAMMAR ret =  0  
[2017/01/10 10:37:59 394] grm_lex    71   0  test  
============================================================
Time  2017/01/10 10:38:01 424 
============================================================
[2017/01/10 10:38:01 424] grm_lex    264  SYS_MSG_LOAD  
[2017/01/10 10:38:01 424] grm_lex    281  SYS_MSG_REGCB  
[2017/01/10 10:38:01 424] grm_lex    267  SYS_MSG_UNLOAD  
[2017/01/10 10:38:01 426] grm_lex    281  SYS_MSG_REGCB  
[2017/01/10 10:38:01 426] grm_lex    251  ISR_MSG_BUILDGRAMMAR  
[2017/01/10 10:38:01 426] grm_lex    100  grm_type :  bnf  
[2017/01/10 10:38:01 427] grm_lex    106  engine_type  :  local  
[2017/01/10 10:38:01 427] grm_lex    106  asr_res_path  :  fo|res/asr/common.jet  
[2017/01/10 10:38:01 427] grm_lex    106  sample_rate  :  16000  
[2017/01/10 10:38:01 427] grm_lex    106  grm_build_path  :  res/asr/GrmBuilld  
[2017/01/10 10:38:01 428] grm_lex    254  ISR_MSG_BUILDGRAMMAR ret =  0  
[2017/01/10 10:38:01 555] grm_lex    71   0  test  
============================================================
Time  2017/01/10 10:38:05 891 
============================================================
[2017/01/10 10:38:05 891] grm_lex    264  SYS_MSG_LOAD  
[2017/01/10 10:38:05 891] grm_lex    281  SYS_MSG_REGCB  
[2017/01/10 10:38:05 892] grm_lex    267  SYS_MSG_UNLOAD  
[2017/01/10 10:38:05 892] grm_lex    281  SYS_MSG_REGCB  
[2017/01/10 10:38:05 892] grm_lex    251  ISR_MSG_BUILDGRAMMAR  
[2017/01/10 10:38:05 892] grm_lex    100  grm_type :  bnf  
[2017/01/10 10:38:05 892] grm_lex    106  engine_type  :  local  
[2017/01/10 10:38:05 892] grm_lex    106  asr_res_path  :  fo|res/asr/common.jet  
[2017/01/10 10:38:05 894] grm_lex    106  sample_rate  :  16000  
[2017/01/10 10:38:05 894] grm_lex    106  grm_build_path  :  res/asr/GrmBuilld  
[2017/01/10 10:38:05 895] grm_lex    254  ISR_MSG_BUILDGRAMMAR ret =  0  
[2017/01/10 10:38:06 025] grm_lex    71   0  test  
============================================================
Time  2017/01/10 10:38:09 325 
============================================================
[2017/01/10 10:38:09 325] grm_lex    264  SYS_MSG_LOAD  
[2017/01/10 10:38:09 325] grm_lex    281  SYS_MSG_REGCB  
[2017/01/10 10:38:09 325] grm_lex    267  SYS_MSG_UNLOAD  
[2017/01/10 10:38:09 325] grm_lex    281  SYS_MSG_REGCB  
[2017/01/10 10:38:09 325] grm_lex    251  ISR_MSG_BUILDGRAMMAR  
[2017/01/10 10:38:09 325] grm_lex    100  grm_type :  bnf  
[2017/01/10 10:38:09 325] grm_lex    106  engine_type  :  local  
[2017/01/10 10:38:09 325] grm_lex    106  asr_res_path  :  fo|res/asr/common.jet  
[2017/01/10 10:38:09 325] grm_lex    106  sample_rate  :  16000  
[2017/01/10 10:38:09 325] grm_lex    106  grm_build_path  :  res/asr/GrmBuilld  
[2017/01/10 10:38:09 328] grm_lex    254  ISR_MSG_BUILDGRAMMAR ret =  0  
[2017/01/10 10:38:09 454] grm_lex    71   0  test  
============================================================
Time  2017/01/10 10:38:12 358 
============================================================
[2017/01/10 10:38:12 358] grm_lex    264  SYS_MSG_LOAD  
[2017/01/10 10:38:12 358] grm_lex    281  SYS_MSG_REGCB  
[2017/01/10 10:38:12 359] grm_lex    267  SYS_MSG_UNLOAD  
[2017/01/10 10:38:12 359] grm_lex    281  SYS_MSG_REGCB  
[2017/01/10 10:38:12 359] grm_lex    251  ISR_MSG_BUILDGRAMMAR  
[2017/01/10 10:38:12 359] grm_lex    100  grm_type :  bnf  
[2017/01/10 10:38:12 359] grm_lex    106  engine_type  :  local  
[2017/01/10 10:38:12 359] grm_lex    106  asr_res_path  :  fo|res/asr/common.jet  
[2017/01/10 10:38:12 361] grm_lex    106  sample_rate  :  16000  
[2017/01/10 10:38:12 361] grm_lex    106  grm_build_path  :  res/asr/GrmBuilld  
[2017/01/10 10:38:12 361] grm_lex    254  ISR_MSG_BUILDGRAMMAR ret =  0  
[2017/01/10 10:38:12 477] grm_lex    71   0  test  
============================================================
Time  2017/01/10 10:38:17 720 
============================================================
[2017/01/10 10:38:17 721] grm_lex    264  SYS_MSG_LOAD  
[2017/01/10 10:38:17 721] grm_lex    281  SYS_MSG_REGCB  
[2017/01/10 10:38:17 723] grm_lex    267  SYS_MSG_UNLOAD  
[2017/01/10 10:38:17 723] grm_lex    281  SYS_MSG_REGCB  
[2017/01/10 10:38:17 723] grm_lex    251  ISR_MSG_BUILDGRAMMAR  
[2017/01/10 10:38:17 723] grm_lex    100  grm_type :  bnf  
[2017/01/10 10:38:17 723] grm_lex    106  engine_type  :  local  
[2017/01/10 10:38:17 723] grm_lex    106  asr_res_path  :  fo|res/asr/common.jet  
[2017/01/10 10:38:17 723] grm_lex    106  sample_rate  :  16000  
[2017/01/10 10:38:17 723] grm_lex    106  grm_build_path  :  res/asr/GrmBuilld  
[2017/01/10 10:38:17 726] grm_lex    254  ISR_MSG_BUILDGRAMMAR ret =  0  
[2017/01/10 10:38:17 848] grm_lex    71   0  test  
============================================================
Time  2017/01/10 10:38:19 454 
============================================================
[2017/01/10 10:38:19 456] grm_lex    264  SYS_MSG_LOAD  
[2017/01/10 10:38:19 456] grm_lex    281  SYS_MSG_REGCB  
[2017/01/10 10:38:19 456] grm_lex    267  SYS_MSG_UNLOAD  
[2017/01/10 10:38:19 457] grm_lex    281  SYS_MSG_REGCB  
[2017/01/10 10:38:19 457] grm_lex    251  ISR_MSG_BUILDGRAMMAR  
[2017/01/10 10:38:19 457] grm_lex    100  grm_type :  bnf  
[2017/01/10 10:38:19 457] grm_lex    106  engine_type  :  local  
[2017/01/10 10:38:19 457] grm_lex    106  asr_res_path  :  fo|res/asr/common.jet  
[2017/01/10 10:38:19 457] grm_lex    106  sample_rate  :  16000  
[2017/01/10 10:38:19 457] grm_lex    106  grm_build_path  :  res/asr/GrmBuilld  
[2017/01/10 10:38:19 459] grm_lex    254  ISR_MSG_BUILDGRAMMAR ret =  0  
[2017/01/10 10:38:19 607] grm_lex    71   0  test  
============================================================
Time  2017/01/10 10:38:21 371 
============================================================
[2017/01/10 10:38:21 371] grm_lex    264  SYS_MSG_LOAD  
[2017/01/10 10:38:21 371] grm_lex    281  SYS_MSG_REGCB  
[2017/01/10 10:38:21 371] grm_lex    267  SYS_MSG_UNLOAD  
[2017/01/10 10:38:21 372] grm_lex    281  SYS_MSG_REGCB  
[2017/01/10 10:38:21 372] grm_lex    251  ISR_MSG_BUILDGRAMMAR  
[2017/01/10 10:38:21 372] grm_lex    100  grm_type :  bnf  
[2017/01/10 10:38:21 372] grm_lex    106  engine_type  :  local  
[2017/01/10 10:38:21 372] grm_lex    106  asr_res_path  :  fo|res/asr/common.jet  
[2017/01/10 10:38:21 372] grm_lex    106  sample_rate  :  16000  
[2017/01/10 10:38:21 372] grm_lex    106  grm_build_path  :  res/asr/GrmBuilld  
[2017/01/10 10:38:21 375] grm_lex    254  ISR_MSG_BUILDGRAMMAR ret =  0  
[2017/01/10 10:38:21 503] grm_lex    71   0  test  
============================================================
Time  2017/01/10 10:38:23 124 
============================================================
[2017/01/10 10:38:23 124] grm_lex    264  SYS_MSG_LOAD  
[2017/01/10 10:38:23 125] grm_lex    281  SYS_MSG_REGCB  
[2017/01/10 10:38:23 125] grm_lex    267  SYS_MSG_UNLOAD  
[2017/01/10 10:38:23 125] grm_lex    281  SYS_MSG_REGCB  
[2017/01/10 10:38:23 125] grm_lex    251  ISR_MSG_BUILDGRAMMAR  
[2017/01/10 10:38:23 125] grm_lex    100  grm_type :  bnf  
[2017/01/10 10:38:23 125] grm_lex    106  engine_type  :  local  
[2017/01/10 10:38:23 125] grm_lex    106  asr_res_path  :  fo|res/asr/common.jet  
[2017/01/10 10:38:23 125] grm_lex    106  sample_rate  :  16000  
[2017/01/10 10:38:23 125] grm_lex    106  grm_build_path  :  res/asr/GrmBuilld  
[2017/01/10 10:38:23 128] grm_lex    254  ISR_MSG_BUILDGRAMMAR ret =  0  
[2017/01/10 10:38:23 295] grm_lex    71   0  test  
============================================================
Time  2017/01/10 10:40:26 349 
============================================================
[2017/01/10 10:40:26 351] grm_lex    264  SYS_MSG_LOAD  
[2017/01/10 10:40:26 351] grm_lex    281  SYS_MSG_REGCB  
[2017/01/10 10:40:26 351] grm_lex    267  SYS_MSG_UNLOAD  
[2017/01/10 10:40:26 351] grm_lex    281  SYS_MSG_REGCB  
[2017/01/10 10:40:26 351] grm_lex    251  ISR_MSG_BUILDGRAMMAR  
[2017/01/10 10:40:26 351] grm_lex    100  grm_type :  bnf  
[2017/01/10 10:40:26 351] grm_lex    106  engine_type  :  local  
[2017/01/10 10:40:26 351] grm_lex    106  asr_res_path  :  fo|res/asr/common.jet  
[2017/01/10 10:40:26 351] grm_lex    106  sample_rate  :  16000  
[2017/01/10 10:40:26 351] grm_lex    106  grm_build_path  :  res/asr/GrmBuilld  
[2017/01/10 10:40:26 354] grm_lex    254  ISR_MSG_BUILDGRAMMAR ret =  0  
[2017/01/10 10:40:26 400] grm_lex    71   0  test  
============================================================
Time  2017/01/10 10:41:00 013 
============================================================
[2017/01/10 10:41:00 013] grm_lex    264  SYS_MSG_LOAD  
[2017/01/10 10:41:00 013] grm_lex    281  SYS_MSG_REGCB  
[2017/01/10 10:41:00 013] grm_lex    267  SYS_MSG_UNLOAD  
[2017/01/10 10:41:00 013] grm_lex    281  SYS_MSG_REGCB  
[2017/01/10 10:41:00 013] grm_lex    251  ISR_MSG_BUILDGRAMMAR  
[2017/01/10 10:41:00 013] grm_lex    100  grm_type :  bnf  
[2017/01/10 10:41:00 013] grm_lex    106  engine_type  :  local  
[2017/01/10 10:41:00 013] grm_lex    106  asr_res_path  :  fo|res/asr/common.jet  
[2017/01/10 10:41:00 013] grm_lex    106  sample_rate  :  16000  
[2017/01/10 10:41:00 015] grm_lex    106  grm_build_path  :  res/asr/GrmBuilld  
[2017/01/10 10:41:00 016] grm_lex    254  ISR_MSG_BUILDGRAMMAR ret =  0  
[2017/01/10 10:41:00 055] grm_lex    71   0  test  
============================================================
Time  2017/01/10 10:41:13 048 
============================================================
[2017/01/10 10:41:13 048] grm_lex    264  SYS_MSG_LOAD  
[2017/01/10 10:41:13 048] grm_lex    281  SYS_MSG_REGCB  
[2017/01/10 10:41:13 048] grm_lex    267  SYS_MSG_UNLOAD  
[2017/01/10 10:41:13 049] grm_lex    281  SYS_MSG_REGCB  
[2017/01/10 10:41:13 049] grm_lex    251  ISR_MSG_BUILDGRAMMAR  
[2017/01/10 10:41:13 049] grm_lex    100  grm_type :  bnf  
[2017/01/10 10:41:13 049] grm_lex    106  engine_type  :  local  
[2017/01/10 10:41:13 049] grm_lex    106  asr_res_path  :  fo|res/asr/common.jet  
[2017/01/10 10:41:13 049] grm_lex    106  sample_rate  :  16000  
[2017/01/10 10:41:13 049] grm_lex    106  grm_build_path  :  res/asr/GrmBuilld  
[2017/01/10 10:41:13 051] grm_lex    254  ISR_MSG_BUILDGRAMMAR ret =  0  
[2017/01/10 10:41:13 154] grm_lex    71   0  test  
============================================================
Time  2017/01/10 10:41:19 203 
============================================================
[2017/01/10 10:41:19 203] grm_lex    264  SYS_MSG_LOAD  
[2017/01/10 10:41:19 204] grm_lex    281  SYS_MSG_REGCB  
[2017/01/10 10:41:19 204] grm_lex    267  SYS_MSG_UNLOAD  
[2017/01/10 10:41:19 204] grm_lex    281  SYS_MSG_REGCB  
[2017/01/10 10:41:19 206] grm_lex    251  ISR_MSG_BUILDGRAMMAR  
[2017/01/10 10:41:19 206] grm_lex    100  grm_type :  bnf  
[2017/01/10 10:41:19 206] grm_lex    106  engine_type  :  local  
[2017/01/10 10:41:19 206] grm_lex    106  asr_res_path  :  fo|res/asr/common.jet  
[2017/01/10 10:41:19 206] grm_lex    106  sample_rate  :  16000  
[2017/01/10 10:41:19 206] grm_lex    106  grm_build_path  :  res/asr/GrmBuilld  
[2017/01/10 10:41:19 207] grm_lex    254  ISR_MSG_BUILDGRAMMAR ret =  0  
[2017/01/10 10:41:19 305] grm_lex    71   0  test  
============================================================
Time  2017/01/10 10:41:21 194 
============================================================
[2017/01/10 10:41:21 196] grm_lex    264  SYS_MSG_LOAD  
[2017/01/10 10:41:21 196] grm_lex    281  SYS_MSG_REGCB  
[2017/01/10 10:41:21 197] grm_lex    267  SYS_MSG_UNLOAD  
[2017/01/10 10:41:21 197] grm_lex    281  SYS_MSG_REGCB  
[2017/01/10 10:41:21 197] grm_lex    251  ISR_MSG_BUILDGRAMMAR  
[2017/01/10 10:41:21 197] grm_lex    100  grm_type :  bnf  
[2017/01/10 10:41:21 197] grm_lex    106  engine_type  :  local  
[2017/01/10 10:41:21 197] grm_lex    106  asr_res_path  :  fo|res/asr/common.jet  
[2017/01/10 10:41:21 197] grm_lex    106  sample_rate  :  16000  
[2017/01/10 10:41:21 197] grm_lex    106  grm_build_path  :  res/asr/GrmBuilld  
[2017/01/10 10:41:21 200] grm_lex    254  ISR_MSG_BUILDGRAMMAR ret =  0  
[2017/01/10 10:41:21 315] grm_lex    71   0  test  
============================================================
Time  2017/01/10 10:41:21 993 
============================================================
[2017/01/10 10:41:21 993] grm_lex    264  SYS_MSG_LOAD  
[2017/01/10 10:41:21 993] grm_lex    281  SYS_MSG_REGCB  
[2017/01/10 10:41:21 994] grm_lex    267  SYS_MSG_UNLOAD  
[2017/01/10 10:41:21 994] grm_lex    281  SYS_MSG_REGCB  
[2017/01/10 10:41:21 994] grm_lex    251  ISR_MSG_BUILDGRAMMAR  
[2017/01/10 10:41:21 994] grm_lex    100  grm_type :  bnf  
[2017/01/10 10:41:21 994] grm_lex    106  engine_type  :  local  
[2017/01/10 10:41:21 994] grm_lex    106  asr_res_path  :  fo|res/asr/common.jet  
[2017/01/10 10:41:21 994] grm_lex    106  sample_rate  :  16000  
[2017/01/10 10:41:21 996] grm_lex    106  grm_build_path  :  res/asr/GrmBuilld  
[2017/01/10 10:41:21 996] grm_lex    254  ISR_MSG_BUILDGRAMMAR ret =  0  
[2017/01/10 10:41:22 073] grm_lex    71   0  test  
============================================================
Time  2017/01/10 10:41:30 839 
============================================================
[2017/01/10 10:41:30 839] grm_lex    264  SYS_MSG_LOAD  
[2017/01/10 10:41:30 841] grm_lex    281  SYS_MSG_REGCB  
[2017/01/10 10:41:30 842] grm_lex    267  SYS_MSG_UNLOAD  
[2017/01/10 10:41:30 842] grm_lex    281  SYS_MSG_REGCB  
[2017/01/10 10:41:30 842] grm_lex    251  ISR_MSG_BUILDGRAMMAR  
[2017/01/10 10:41:30 842] grm_lex    100  grm_type :  bnf  
[2017/01/10 10:41:30 842] grm_lex    106  engine_type  :  local  
[2017/01/10 10:41:30 842] grm_lex    106  asr_res_path  :  fo|res/asr/common.jet  
[2017/01/10 10:41:30 842] grm_lex    106  sample_rate  :  16000  
[2017/01/10 10:41:30 842] grm_lex    106  grm_build_path  :  res/asr/GrmBuilld  
[2017/01/10 10:41:30 844] grm_lex    254  ISR_MSG_BUILDGRAMMAR ret =  0  
[2017/01/10 10:41:30 963] grm_lex    71   0  test  
============================================================
Time  2017/01/10 10:41:32 525 
============================================================
[2017/01/10 10:41:32 525] grm_lex    264  SYS_MSG_LOAD  
[2017/01/10 10:41:32 526] grm_lex    281  SYS_MSG_REGCB  
[2017/01/10 10:41:32 526] grm_lex    267  SYS_MSG_UNLOAD  
[2017/01/10 10:41:32 526] grm_lex    281  SYS_MSG_REGCB  
[2017/01/10 10:41:32 528] grm_lex    251  ISR_MSG_BUILDGRAMMAR  
[2017/01/10 10:41:32 528] grm_lex    100  grm_type :  bnf  
[2017/01/10 10:41:32 528] grm_lex    106  engine_type  :  local  
[2017/01/10 10:41:32 528] grm_lex    106  asr_res_path  :  fo|res/asr/common.jet  
[2017/01/10 10:41:32 528] grm_lex    106  sample_rate  :  16000  
[2017/01/10 10:41:32 528] grm_lex    106  grm_build_path  :  res/asr/GrmBuilld  
[2017/01/10 10:41:32 529] grm_lex    254  ISR_MSG_BUILDGRAMMAR ret =  0  
[2017/01/10 10:41:32 696] grm_lex    71   0  test  
============================================================
Time  2017/01/10 10:41:35 051 
============================================================
[2017/01/10 10:41:35 052] grm_lex    264  SYS_MSG_LOAD  
[2017/01/10 10:41:35 052] grm_lex    281  SYS_MSG_REGCB  
[2017/01/10 10:41:35 052] grm_lex    267  SYS_MSG_UNLOAD  
[2017/01/10 10:41:35 053] grm_lex    281  SYS_MSG_REGCB  
[2017/01/10 10:41:35 053] grm_lex    251  ISR_MSG_BUILDGRAMMAR  
[2017/01/10 10:41:35 053] grm_lex    100  grm_type :  bnf  
[2017/01/10 10:41:35 053] grm_lex    106  engine_type  :  local  
[2017/01/10 10:41:35 053] grm_lex    106  asr_res_path  :  fo|res/asr/common.jet  
[2017/01/10 10:41:35 055] grm_lex    106  sample_rate  :  16000  
[2017/01/10 10:41:35 055] grm_lex    106  grm_build_path  :  res/asr/GrmBuilld  
[2017/01/10 10:41:35 056] grm_lex    254  ISR_MSG_BUILDGRAMMAR ret =  0  
[2017/01/10 10:41:35 165] grm_lex    71   0  test  
============================================================
Time  2017/01/10 10:41:35 470 
============================================================
[2017/01/10 10:41:35 470] grm_lex    264  SYS_MSG_LOAD  
[2017/01/10 10:41:35 470] grm_lex    281  SYS_MSG_REGCB  
[2017/01/10 10:41:35 470] grm_lex    267  SYS_MSG_UNLOAD  
[2017/01/10 10:41:35 470] grm_lex    281  SYS_MSG_REGCB  
[2017/01/10 10:41:35 470] grm_lex    251  ISR_MSG_BUILDGRAMMAR  
[2017/01/10 10:41:35 470] grm_lex    100  grm_type :  bnf  
[2017/01/10 10:41:35 470] grm_lex    106  engine_type  :  local  
[2017/01/10 10:41:35 471] grm_lex    106  asr_res_path  :  fo|res/asr/common.jet  
[2017/01/10 10:41:35 471] grm_lex    106  sample_rate  :  16000  
[2017/01/10 10:41:35 471] grm_lex    106  grm_build_path  :  res/asr/GrmBuilld  
[2017/01/10 10:41:35 473] grm_lex    254  ISR_MSG_BUILDGRAMMAR ret =  0  
[2017/01/10 10:41:35 551] grm_lex    71   0  test  
============================================================
Time  2017/01/10 10:41:36 598 
============================================================
[2017/01/10 10:41:36 598] grm_lex    264  SYS_MSG_LOAD  
[2017/01/10 10:41:36 598] grm_lex    281  SYS_MSG_REGCB  
[2017/01/10 10:41:36 598] grm_lex    267  SYS_MSG_UNLOAD  
[2017/01/10 10:41:36 599] grm_lex    281  SYS_MSG_REGCB  
[2017/01/10 10:41:36 599] grm_lex    251  ISR_MSG_BUILDGRAMMAR  
[2017/01/10 10:41:36 599] grm_lex    100  grm_type :  bnf  
[2017/01/10 10:41:36 599] grm_lex    106  engine_type  :  local  
[2017/01/10 10:41:36 599] grm_lex    106  asr_res_path  :  fo|res/asr/common.jet  
[2017/01/10 10:41:36 599] grm_lex    106  sample_rate  :  16000  
[2017/01/10 10:41:36 599] grm_lex    106  grm_build_path  :  res/asr/GrmBuilld  
[2017/01/10 10:41:36 601] grm_lex    254  ISR_MSG_BUILDGRAMMAR ret =  0  
[2017/01/10 10:41:36 663] grm_lex    71   0  test  
============================================================
Time  2017/01/10 10:41:41 200 
============================================================
[2017/01/10 10:41:41 200] grm_lex    264  SYS_MSG_LOAD  
[2017/01/10 10:41:41 200] grm_lex    281  SYS_MSG_REGCB  
[2017/01/10 10:41:41 201] grm_lex    267  SYS_MSG_UNLOAD  
[2017/01/10 10:41:41 201] grm_lex    281  SYS_MSG_REGCB  
[2017/01/10 10:41:41 201] grm_lex    251  ISR_MSG_BUILDGRAMMAR  
[2017/01/10 10:41:41 201] grm_lex    100  grm_type :  bnf  
[2017/01/10 10:41:41 203] grm_lex    106  engine_type  :  local  
[2017/01/10 10:41:41 203] grm_lex    106  asr_res_path  :  fo|res/asr/common.jet  
[2017/01/10 10:41:41 203] grm_lex    106  sample_rate  :  16000  
[2017/01/10 10:41:41 203] grm_lex    106  grm_build_path  :  res/asr/GrmBuilld  
[2017/01/10 10:41:41 204] grm_lex    254  ISR_MSG_BUILDGRAMMAR ret =  0  
[2017/01/10 10:41:41 352] grm_lex    71   0  test  
============================================================
Time  2017/01/10 10:41:42 990 
============================================================
[2017/01/10 10:41:42 990] grm_lex    264  SYS_MSG_LOAD  
[2017/01/10 10:41:42 990] grm_lex    281  SYS_MSG_REGCB  
[2017/01/10 10:41:42 990] grm_lex    267  SYS_MSG_UNLOAD  
[2017/01/10 10:41:42 990] grm_lex    281  SYS_MSG_REGCB  
[2017/01/10 10:41:42 990] grm_lex    251  ISR_MSG_BUILDGRAMMAR  
[2017/01/10 10:41:42 992] grm_lex    100  grm_type :  bnf  
[2017/01/10 10:41:42 992] grm_lex    106  engine_type  :  local  
[2017/01/10 10:41:42 992] grm_lex    106  asr_res_path  :  fo|res/asr/common.jet  
[2017/01/10 10:41:42 992] grm_lex    106  sample_rate  :  16000  
[2017/01/10 10:41:42 992] grm_lex    106  grm_build_path  :  res/asr/GrmBuilld  
[2017/01/10 10:41:42 993] grm_lex    254  ISR_MSG_BUILDGRAMMAR ret =  0  
[2017/01/10 10:41:43 085] grm_lex    71   0  test  
============================================================
Time  2017/01/10 10:49:18 599 
============================================================
[2017/01/10 10:49:18 599] grm_lex    264  SYS_MSG_LOAD  
[2017/01/10 10:49:18 601] grm_lex    281  SYS_MSG_REGCB  
[2017/01/10 10:49:18 601] grm_lex    267  SYS_MSG_UNLOAD  
[2017/01/10 10:49:18 601] grm_lex    281  SYS_MSG_REGCB  
[2017/01/10 10:49:18 601] grm_lex    251  ISR_MSG_BUILDGRAMMAR  
[2017/01/10 10:49:18 601] grm_lex    100  grm_type :  bnf  
[2017/01/10 10:49:18 601] grm_lex    106  engine_type  :  local  
[2017/01/10 10:49:18 601] grm_lex    106  asr_res_path  :  fo|res/asr/common.jet  
[2017/01/10 10:49:18 601] grm_lex    106  sample_rate  :  16000  
[2017/01/10 10:49:18 601] grm_lex    106  grm_build_path  :  res/asr/GrmBuilld  
[2017/01/10 10:49:18 602] grm_lex    254  ISR_MSG_BUILDGRAMMAR ret =  0  
[2017/01/10 10:49:18 651] grm_lex    71   0  test  
============================================================
Time  2017/01/10 10:53:49 858 
============================================================
[2017/01/10 10:53:49 859] grm_lex    264  SYS_MSG_LOAD  
[2017/01/10 10:53:49 859] grm_lex    281  SYS_MSG_REGCB  
[2017/01/10 10:53:49 861] grm_lex    267  SYS_MSG_UNLOAD  
[2017/01/10 10:53:49 861] grm_lex    281  SYS_MSG_REGCB  
[2017/01/10 10:53:49 861] grm_lex    251  ISR_MSG_BUILDGRAMMAR  
[2017/01/10 10:53:49 861] grm_lex    100  grm_type :  bnf  
[2017/01/10 10:53:49 861] grm_lex    106  engine_type  :  local  
[2017/01/10 10:53:49 861] grm_lex    106  asr_res_path  :  fo|res/asr/common.jet  
[2017/01/10 10:53:49 861] grm_lex    106  sample_rate  :  16000  
[2017/01/10 10:53:49 861] grm_lex    106  grm_build_path  :  res/asr/GrmBuilld  
[2017/01/10 10:53:49 864] grm_lex    254  ISR_MSG_BUILDGRAMMAR ret =  0  
[2017/01/10 10:53:49 914] grm_lex    71   0  test  
============================================================
Time  2017/01/10 10:54:23 117 
============================================================
[2017/01/10 10:54:23 117] grm_lex    264  SYS_MSG_LOAD  
[2017/01/10 10:54:23 118] grm_lex    281  SYS_MSG_REGCB  
[2017/01/10 10:54:23 118] grm_lex    267  SYS_MSG_UNLOAD  
[2017/01/10 10:54:23 118] grm_lex    281  SYS_MSG_REGCB  
[2017/01/10 10:54:23 118] grm_lex    251  ISR_MSG_BUILDGRAMMAR  
[2017/01/10 10:54:23 118] grm_lex    100  grm_type :  bnf  
[2017/01/10 10:54:23 118] grm_lex    106  engine_type  :  local  
[2017/01/10 10:54:23 118] grm_lex    106  asr_res_path  :  fo|res/asr/common.jet  
[2017/01/10 10:54:23 118] grm_lex    106  sample_rate  :  16000  
[2017/01/10 10:54:23 118] grm_lex    106  grm_build_path  :  res/asr/GrmBuilld  
[2017/01/10 10:54:23 119] grm_lex    254  ISR_MSG_BUILDGRAMMAR ret =  0  
[2017/01/10 10:54:23 161] grm_lex    71   0  test  
============================================================
Time  2017/01/10 10:55:23 698 
============================================================
[2017/01/10 10:55:23 700] grm_lex    264  SYS_MSG_LOAD  
[2017/01/10 10:55:23 700] grm_lex    281  SYS_MSG_REGCB  
[2017/01/10 10:55:23 700] grm_lex    267  SYS_MSG_UNLOAD  
[2017/01/10 10:55:23 700] grm_lex    281  SYS_MSG_REGCB  
[2017/01/10 10:55:23 700] grm_lex    251  ISR_MSG_BUILDGRAMMAR  
[2017/01/10 10:55:23 700] grm_lex    100  grm_type :  bnf  
[2017/01/10 10:55:23 700] grm_lex    106  engine_type  :  local  
[2017/01/10 10:55:23 700] grm_lex    106  asr_res_path  :  fo|res/asr/common.jet  
[2017/01/10 10:55:23 700] grm_lex    106  sample_rate  :  16000  
[2017/01/10 10:55:23 700] grm_lex    106  grm_build_path  :  res/asr/GrmBuilld  
[2017/01/10 10:55:23 703] grm_lex    254  ISR_MSG_BUILDGRAMMAR ret =  0  
[2017/01/10 10:55:23 756] grm_lex    71   0  test  
============================================================
Time  2017/01/10 10:55:51 361 
============================================================
[2017/01/10 10:55:51 362] grm_lex    264  SYS_MSG_LOAD  
[2017/01/10 10:55:51 362] grm_lex    281  SYS_MSG_REGCB  
[2017/01/10 10:55:51 362] grm_lex    267  SYS_MSG_UNLOAD  
[2017/01/10 10:55:51 364] grm_lex    281  SYS_MSG_REGCB  
[2017/01/10 10:55:51 364] grm_lex    251  ISR_MSG_BUILDGRAMMAR  
[2017/01/10 10:55:51 364] grm_lex    100  grm_type :  bnf  
[2017/01/10 10:55:51 364] grm_lex    106  engine_type  :  local  
[2017/01/10 10:55:51 364] grm_lex    106  asr_res_path  :  fo|res/asr/common.jet  
[2017/01/10 10:55:51 364] grm_lex    106  sample_rate  :  16000  
[2017/01/10 10:55:51 365] grm_lex    106  grm_build_path  :  res/asr/GrmBuilld  
[2017/01/10 10:55:51 365] grm_lex    254  ISR_MSG_BUILDGRAMMAR ret =  0  
[2017/01/10 10:55:51 417] grm_lex    71   0  test  
============================================================
Time  2017/01/10 10:56:53 088 
============================================================
[2017/01/10 10:56:53 088] grm_lex    264  SYS_MSG_LOAD  
[2017/01/10 10:56:53 088] grm_lex    281  SYS_MSG_REGCB  
[2017/01/10 10:56:53 089] grm_lex    267  SYS_MSG_UNLOAD  
[2017/01/10 10:56:53 089] grm_lex    281  SYS_MSG_REGCB  
[2017/01/10 10:56:53 089] grm_lex    251  ISR_MSG_BUILDGRAMMAR  
[2017/01/10 10:56:53 089] grm_lex    100  grm_type :  bnf  
[2017/01/10 10:56:53 089] grm_lex    106  engine_type  :  local  
[2017/01/10 10:56:53 089] grm_lex    106  asr_res_path  :  fo|res/asr/common.jet  
[2017/01/10 10:56:53 089] grm_lex    106  sample_rate  :  16000  
[2017/01/10 10:56:53 089] grm_lex    106  grm_build_path  :  res/asr/GrmBuilld  
[2017/01/10 10:56:53 092] grm_lex    254  ISR_MSG_BUILDGRAMMAR ret =  0  
[2017/01/10 10:56:53 134] grm_lex    71   0  test  
