[2017/01/10 11:03:27 500] isr        1546 6400  2  
[2017/01/10 11:03:27 700] isr        1535 ASR_MSG_AUW,   local  
[2017/01/10 11:03:27 700] isr        1546 6400  2  
[2017/01/10 11:03:27 903] isr        1535 ASR_MSG_AUW,   local  
[2017/01/10 11:03:27 903] isr        1546 6400  2  
[2017/01/10 11:03:28 104] isr        1535 ASR_MSG_AUW,   local  
[2017/01/10 11:03:28 104] isr        1546 6400  2  
[2017/01/10 11:03:28 306] isr        1535 ASR_MSG_AUW,   local  
[2017/01/10 11:03:28 306] isr        1546 6400  2  
[2017/01/10 11:03:28 509] isr        1535 ASR_MSG_AUW,   local  
[2017/01/10 11:03:28 509] isr        1546 6400  2  
[2017/01/10 11:03:28 710] isr        1535 ASR_MSG_AUW,   local  
[2017/01/10 11:03:28 710] isr        1546 6400  2  
[2017/01/10 11:03:28 913] isr        1535 ASR_MSG_AUW,   local  
[2017/01/10 11:03:28 913] isr        1546 6400  2  
[2017/01/10 11:03:29 115] isr        1535 ASR_MSG_AUW,   local  
[2017/01/10 11:03:29 115] isr        1546 6400  2  
[2017/01/10 11:03:29 316] isr        1535 ASR_MSG_AUW,   local  
[2017/01/10 11:03:29 316] isr        1546 6400  2  
[2017/01/10 11:03:29 325] isr        759  local_cbmsg_handler  ,msg=  406  param1=  nil  
[2017/01/10 11:03:29 326] isr        759  local_cbmsg_handler  ,msg=  nil  param1=  nil  
[2017/01/10 11:03:29 326] isr        759  local_cbmsg_handler  ,msg=  408  param1=  nil  
[2017/01/10 11:03:29 326] isr        774  local session recognized end!  
[2017/01/10 11:03:29 326] isr        661  process_result call:  local  nil  0  2  
[2017/01/10 11:03:29 519] isr        1535 ASR_MSG_AUW,   local  
[2017/01/10 11:03:29 519] isr        1546 6400  2  
[2017/01/10 11:03:29 519] isr        1535 ASR_MSG_AUW,   local  
[2017/01/10 11:03:29 519] isr        1546 0  4  
[2017/01/10 11:03:29 519] isr        1579 aud end, USER  
[2017/01/10 11:03:29 519] isr        1618 ASR_MSG_GRSLT,   local  
[2017/01/10 11:03:29 519] isr        1297 0  nil  5  
[2017/01/10 11:03:29 523] isr        855  [aud] speech end  
[2017/01/10 11:03:29 622] isr        1621 ASR_MSG_SSE,   local  
[2017/01/10 11:03:29 622] isr        1346 session_end() [in]  
[2017/01/10 11:03:29 622] isr        1367 local_session_end() [in]  
[2017/01/10 11:03:29 624] isr        1404 ASR_LOCAL_MSG_SSE net_type  nil  
[2017/01/10 11:03:29 625] isr        1649 isr unload!  
============================================================
Time  2017/01/10 11:03:29 733 
============================================================
[2017/01/10 11:03:29 733] isr        1641 isr loaded!  
[2017/01/10 11:03:29 733] isr        1624 SYS_MSG_REGCB param0 =   msp_status_cb  param1 =   func(34f1ad8) 
[2017/01/10 11:03:29 734] isr        1525 ASR_MSG_SSB  
[2017/01/10 11:03:29 734] isr        1070 session_begin() [in], params:   engine_type = local, accent = mandarin,  vad_eos = 8000, 				asr_res_path = fo|res/asr/common.jet, sample_rate = 16000, 						grm_build_path = res/asr/GrmBuilld, local_grammar = test, 								result_type = plain, result_encoding = GB2312, ═¤¤¤¤ллллллллю■ю■  nil  
[2017/01/10 11:03:29 734] isr        938  vad_set [in]  
[2017/01/10 11:03:29 734] isr        973  vad_enable :  true  
[2017/01/10 11:03:29 734] isr        991  vad_bos :  10000  
[2017/01/10 11:03:29 734] isr        992  vad_eos :  8000  
[2017/01/10 11:03:29 734] isr        897  enable_vad [in]  
[2017/01/10 11:03:29 736] isr        929  vad enabled!  8000  10000  
[2017/01/10 11:03:29 736] isr        932  enable_vad [out]  
[2017/01/10 11:03:29 736] isr        998  vad_set [out] | ret =  0  
[2017/01/10 11:03:29 736] isr        1174 cur_engine_type =   local  
[2017/01/10 11:03:29 736] isr        1003 local_session_begin  
[2017/01/10 11:03:29 740] isr        1535 ASR_MSG_AUW,   local  
[2017/01/10 11:03:29 740] isr        1546 6400  1  
[2017/01/10 11:03:29 742] isr        1550 once_bytes:   6400  
[2017/01/10 11:03:29 743] isr        845  [aud] speech start  
[2017/01/10 11:03:29 943] isr        1535 ASR_MSG_AUW,   local  
[2017/01/10 11:03:29 943] isr        1546 6400  2  
[2017/01/10 11:03:30 144] isr        1535 ASR_MSG_AUW,   local  
[2017/01/10 11:03:30 144] isr        1546 6400  2  
[2017/01/10 11:03:30 346] isr        1535 ASR_MSG_AUW,   local  
[2017/01/10 11:03:30 346] isr        1546 6400  2  
[2017/01/10 11:03:30 549] isr        1535 ASR_MSG_AUW,   local  
[2017/01/10 11:03:30 549] isr        1546 6400  2  
[2017/01/10 11:03:30 750] isr        1535 ASR_MSG_AUW,   local  
[2017/01/10 11:03:30 750] isr        1546 6400  2  
[2017/01/10 11:03:30 953] isr        1535 ASR_MSG_AUW,   local  
[2017/01/10 11:03:30 953] isr        1546 6400  2  
[2017/01/10 11:03:31 154] isr        1535 ASR_MSG_AUW,   local  
[2017/01/10 11:03:31 154] isr        1546 6400  2  
[2017/01/10 11:03:31 357] isr        1535 ASR_MSG_AUW,   local  
[2017/01/10 11:03:31 357] isr        1546 6400  2  
[2017/01/10 11:03:31 559] isr        1535 ASR_MSG_AUW,   local  
[2017/01/10 11:03:31 559] isr        1546 6400  2  
[2017/01/10 11:03:31 760] isr        1535 ASR_MSG_AUW,   local  
[2017/01/10 11:03:31 760] isr        1546 6400  2  
[2017/01/10 11:03:31 961] isr        1535 ASR_MSG_AUW,   local  
[2017/01/10 11:03:31 961] isr        1546 6400  2  
[2017/01/10 11:03:32 163] isr        1535 ASR_MSG_AUW,   local  
[2017/01/10 11:03:32 164] isr        1546 6400  2  
[2017/01/10 11:03:32 365] isr        1535 ASR_MSG_AUW,   local  
[2017/01/10 11:03:32 365] isr        1546 6400  2  
[2017/01/10 11:03:32 565] isr        1535 ASR_MSG_AUW,   local  
[2017/01/10 11:03:32 565] isr        1546 6400  2  
[2017/01/10 11:03:32 766] isr        1535 ASR_MSG_AUW,   local  
[2017/01/10 11:03:32 766] isr        1546 6400  2  
[2017/01/10 11:03:32 967] isr        1535 ASR_MSG_AUW,   local  
[2017/01/10 11:03:32 967] isr        1546 6400  2  
[2017/01/10 11:03:32 976] isr        759  local_cbmsg_handler  ,msg=  406  param1=  nil  
[2017/01/10 11:03:32 976] isr        759  local_cbmsg_handler  ,msg=  nil  param1=  nil  
[2017/01/10 11:03:32 976] isr        759  local_cbmsg_handler  ,msg=  408  param1=  nil  
[2017/01/10 11:03:32 976] isr        774  local session recognized end!  
[2017/01/10 11:03:32 976] isr        661  process_result call:  local  nil  0  2  
[2017/01/10 11:03:33 168] isr        1535 ASR_MSG_AUW,   local  
[2017/01/10 11:03:33 168] isr        1546 6400  2  
[2017/01/10 11:03:33 170] isr        1535 ASR_MSG_AUW,   local  
[2017/01/10 11:03:33 170] isr        1546 0  4  
[2017/01/10 11:03:33 170] isr        1579 aud end, USER  
[2017/01/10 11:03:33 170] isr        1618 ASR_MSG_GRSLT,   local  
[2017/01/10 11:03:33 170] isr        1297 0  nil  5  
[2017/01/10 11:03:33 173] isr        855  [aud] speech end  
[2017/01/10 11:03:33 272] isr        1621 ASR_MSG_SSE,   local  
[2017/01/10 11:03:33 272] isr        1346 session_end() [in]  
[2017/01/10 11:03:33 272] isr        1367 local_session_end() [in]  
[2017/01/10 11:03:33 273] isr        1404 ASR_LOCAL_MSG_SSE net_type  nil  
[2017/01/10 11:03:33 273] isr        1649 isr unload!  
============================================================
Time  2017/01/10 11:03:33 382 
============================================================
[2017/01/10 11:03:33 384] isr        1641 isr loaded!  
[2017/01/10 11:03:33 384] isr        1624 SYS_MSG_REGCB param0 =   msp_status_cb  param1 =   func(4fc2d60) 
[2017/01/10 11:03:33 384] isr        1525 ASR_MSG_SSB  
[2017/01/10 11:03:33 384] isr        1070 session_begin() [in], params:   engine_type = local, accent = mandarin,  vad_eos = 8000, 				asr_res_path = fo|res/asr/common.jet, sample_rate = 16000, 						grm_build_path = res/asr/GrmBuilld, local_grammar = test, 								result_type = plain, result_encoding = GB2312, ═¤¤¤¤ллллллллю■ю■  nil  
[2017/01/10 11:03:33 384] isr        938  vad_set [in]  
[2017/01/10 11:03:33 384] isr        973  vad_enable :  true  
[2017/01/10 11:03:33 384] isr        991  vad_bos :  10000  
[2017/01/10 11:03:33 384] isr        992  vad_eos :  8000  
[2017/01/10 11:03:33 384] isr        897  enable_vad [in]  
[2017/01/10 11:03:33 384] isr        929  vad enabled!  8000  10000  
[2017/01/10 11:03:33 384] isr        932  enable_vad [out]  
[2017/01/10 11:03:33 385] isr        998  vad_set [out] | ret =  0  
[2017/01/10 11:03:33 385] isr        1174 cur_engine_type =   local  
[2017/01/10 11:03:33 385] isr        1003 local_session_begin  
[2017/01/10 11:03:33 390] isr        1535 ASR_MSG_AUW,   local  
[2017/01/10 11:03:33 390] isr        1546 6400  1  
[2017/01/10 11:03:33 390] isr        1550 once_bytes:   6400  
[2017/01/10 11:03:33 391] isr        845  [aud] speech start  
[2017/01/10 11:03:33 592] isr        1535 ASR_MSG_AUW,   local  
[2017/01/10 11:03:33 592] isr        1546 6400  2  
[2017/01/10 11:03:33 693] isr        1535 ASR_MSG_AUW,   local  
[2017/01/10 11:03:33 693] isr        1546 6400  2  
[2017/01/10 11:03:33 894] isr        1535 ASR_MSG_AUW,   local  
[2017/01/10 11:03:33 894] isr        1546 6400  2  
[2017/01/10 11:03:34 096] isr        1535 ASR_MSG_AUW,   local  
[2017/01/10 11:03:34 096] isr        1546 6400  2  
[2017/01/10 11:03:34 298] isr        1535 ASR_MSG_AUW,   local  
[2017/01/10 11:03:34 298] isr        1546 6400  2  
[2017/01/10 11:03:34 500] isr        1535 ASR_MSG_AUW,   local  
[2017/01/10 11:03:34 500] isr        1546 6400  2  
[2017/01/10 11:03:34 701] isr        1535 ASR_MSG_AUW,   local  
[2017/01/10 11:03:34 701] isr        1546 6400  2  
[2017/01/10 11:03:34 903] isr        1535 ASR_MSG_AUW,   local  
[2017/01/10 11:03:34 903] isr        1546 6400  2  
[2017/01/10 11:03:35 105] isr        1535 ASR_MSG_AUW,   local  
[2017/01/10 11:03:35 105] isr        1546 6400  2  
[2017/01/10 11:03:35 306] isr        1535 ASR_MSG_AUW,   local  
[2017/01/10 11:03:35 306] isr        1546 6400  2  
[2017/01/10 11:03:35 507] isr        1535 ASR_MSG_AUW,   local  
[2017/01/10 11:03:35 507] isr        1546 6400  2  
[2017/01/10 11:03:35 710] isr        1535 ASR_MSG_AUW,   local  
[2017/01/10 11:03:35 710] isr        1546 6400  2  
[2017/01/10 11:03:35 911] isr        1535 ASR_MSG_AUW,   local  
[2017/01/10 11:03:35 911] isr        1546 6400  2  
[2017/01/10 11:03:36 114] isr        1535 ASR_MSG_AUW,   local  
[2017/01/10 11:03:36 114] isr        1546 6400  2  
[2017/01/10 11:03:36 315] isr        1535 ASR_MSG_AUW,   local  
[2017/01/10 11:03:36 315] isr        1546 6400  2  
[2017/01/10 11:03:36 517] isr        1535 ASR_MSG_AUW,   local  
[2017/01/10 11:03:36 517] isr        1546 6400  2  
[2017/01/10 11:03:36 526] isr        759  local_cbmsg_handler  ,msg=  406  param1=  nil  
[2017/01/10 11:03:36 528] isr        759  local_cbmsg_handler  ,msg=  nil  param1=  nil  
[2017/01/10 11:03:36 528] isr        759  local_cbmsg_handler  ,msg=  408  param1=  nil  
[2017/01/10 11:03:36 528] isr        774  local session recognized end!  
[2017/01/10 11:03:36 528] isr        661  process_result call:  local  nil  0  2  
[2017/01/10 11:03:36 720] isr        1535 ASR_MSG_AUW,   local  
[2017/01/10 11:03:36 720] isr        1546 6400  2  
[2017/01/10 11:03:36 720] isr        1535 ASR_MSG_AUW,   local  
[2017/01/10 11:03:36 720] isr        1546 0  4  
[2017/01/10 11:03:36 720] isr        1579 aud end, USER  
[2017/01/10 11:03:36 720] isr        1618 ASR_MSG_GRSLT,   local  
[2017/01/10 11:03:36 720] isr        1297 0  nil  5  
[2017/01/10 11:03:36 723] isr        855  [aud] speech end  
[2017/01/10 11:03:36 823] isr        1621 ASR_MSG_SSE,   local  
[2017/01/10 11:03:36 823] isr        1346 session_end() [in]  
[2017/01/10 11:03:36 823] isr        1367 local_session_end() [in]  
[2017/01/10 11:03:36 825] isr        1404 ASR_LOCAL_MSG_SSE net_type  nil  
[2017/01/10 11:03:36 825] isr        1649 isr unload!  
============================================================
Time  2017/01/10 11:03:36 934 
============================================================
[2017/01/10 11:03:36 934] isr        1641 isr loaded!  
[2017/01/10 11:03:36 934] isr        1624 SYS_MSG_REGCB param0 =   msp_status_cb  param1 =   func(330f970) 
[2017/01/10 11:03:36 934] isr        1525 ASR_MSG_SSB  
[2017/01/10 11:03:36 936] isr        1070 session_begin() [in], params:   engine_type = local, accent = mandarin,  vad_eos = 8000, 				asr_res_path = fo|res/asr/common.jet, sample_rate = 16000, 						grm_build_path = res/asr/GrmBuilld, local_grammar = test, 								result_type = plain, result_encoding = GB2312, ═¤¤¤¤ллллллллю■ю■  nil  
[2017/01/10 11:03:36 936] isr        938  vad_set [in]  
[2017/01/10 11:03:36 936] isr        973  vad_enable :  true  
[2017/01/10 11:03:36 936] isr        991  vad_bos :  10000  
[2017/01/10 11:03:36 936] isr        992  vad_eos :  8000  
[2017/01/10 11:03:36 936] isr        897  enable_vad [in]  
[2017/01/10 11:03:36 936] isr        929  vad enabled!  8000  10000  
[2017/01/10 11:03:36 936] isr        932  enable_vad [out]  
[2017/01/10 11:03:36 936] isr        998  vad_set [out] | ret =  0  
[2017/01/10 11:03:36 936] isr        1174 cur_engine_type =   local  
[2017/01/10 11:03:36 937] isr        1003 local_session_begin  
[2017/01/10 11:03:36 941] isr        1535 ASR_MSG_AUW,   local  
[2017/01/10 11:03:36 941] isr        1546 6400  1  
[2017/01/10 11:03:36 941] isr        1550 once_bytes:   6400  
[2017/01/10 11:03:36 944] isr        845  [aud] speech start  
[2017/01/10 11:03:37 144] isr        1535 ASR_MSG_AUW,   local  
[2017/01/10 11:03:37 144] isr        1546 6400  2  
[2017/01/10 11:03:37 345] isr        1535 ASR_MSG_AUW,   local  
[2017/01/10 11:03:37 345] isr        1546 6400  2  
[2017/01/10 11:03:37 548] isr        1535 ASR_MSG_AUW,   local  
[2017/01/10 11:03:37 548] isr        1546 6400  2  
[2017/01/10 11:03:37 749] isr        1535 ASR_MSG_AUW,   local  
[2017/01/10 11:03:37 749] isr        1546 6400  2  
[2017/01/10 11:03:37 950] isr        1535 ASR_MSG_AUW,   local  
[2017/01/10 11:03:37 950] isr        1546 6400  2  
[2017/01/10 11:03:38 153] isr        1535 ASR_MSG_AUW,   local  
[2017/01/10 11:03:38 153] isr        1546 6400  2  
[2017/01/10 11:03:38 355] isr        1535 ASR_MSG_AUW,   local  
[2017/01/10 11:03:38 355] isr        1546 6400  2  
[2017/01/10 11:03:38 556] isr        1535 ASR_MSG_AUW,   local  
[2017/01/10 11:03:38 556] isr        1546 6400  2  
[2017/01/10 11:03:38 759] isr        1535 ASR_MSG_AUW,   local  
[2017/01/10 11:03:38 759] isr        1546 6400  2  
[2017/01/10 11:03:38 960] isr        1535 ASR_MSG_AUW,   local  
[2017/01/10 11:03:38 960] isr        1546 6400  2  
[2017/01/10 11:03:39 163] isr        1535 ASR_MSG_AUW,   local  
[2017/01/10 11:03:39 163] isr        1546 6400  2  
[2017/01/10 11:03:39 364] isr        1535 ASR_MSG_AUW,   local  
[2017/01/10 11:03:39 364] isr        1546 6400  2  
[2017/01/10 11:03:39 565] isr        1535 ASR_MSG_AUW,   local  
[2017/01/10 11:03:39 565] isr        1546 6400  2  
[2017/01/10 11:03:39 767] isr        1535 ASR_MSG_AUW,   local  
[2017/01/10 11:03:39 767] isr        1546 6400  2  
[2017/01/10 11:03:39 967] isr        1535 ASR_MSG_AUW,   local  
[2017/01/10 11:03:39 969] isr        1546 6400  2  
[2017/01/10 11:03:40 168] isr        1535 ASR_MSG_AUW,   local  
[2017/01/10 11:03:40 170] isr        1546 6400  2  
[2017/01/10 11:03:40 177] isr        759  local_cbmsg_handler  ,msg=  406  param1=  nil  
[2017/01/10 11:03:40 177] isr        759  local_cbmsg_handler  ,msg=  nil  param1=  nil  
[2017/01/10 11:03:40 178] isr        759  local_cbmsg_handler  ,msg=  408  param1=  nil  
[2017/01/10 11:03:40 178] isr        774  local session recognized end!  
[2017/01/10 11:03:40 178] isr        661  process_result call:  local  nil  0  2  
[2017/01/10 11:03:40 371] isr        1535 ASR_MSG_AUW,   local  
[2017/01/10 11:03:40 371] isr        1546 6400  2  
[2017/01/10 11:03:40 371] isr        1535 ASR_MSG_AUW,   local  
[2017/01/10 11:03:40 371] isr        1546 0  4  
[2017/01/10 11:03:40 371] isr        1579 aud end, USER  
[2017/01/10 11:03:40 371] isr        1618 ASR_MSG_GRSLT,   local  
[2017/01/10 11:03:40 371] isr        1297 0  nil  5  
[2017/01/10 11:03:40 375] isr        855  [aud] speech end  
[2017/01/10 11:03:40 473] isr        1621 ASR_MSG_SSE,   local  
[2017/01/10 11:03:40 473] isr        1346 session_end() [in]  
[2017/01/10 11:03:40 473] isr        1367 local_session_end() [in]  
[2017/01/10 11:03:40 474] isr        1404 ASR_LOCAL_MSG_SSE net_type  nil  
[2017/01/10 11:03:40 474] isr        1649 isr unload!  
============================================================
Time  2017/01/10 11:03:40 586 
============================================================
[2017/01/10 11:03:40 586] isr        1641 isr loaded!  
[2017/01/10 11:03:40 586] isr        1624 SYS_MSG_REGCB param0 =   msp_status_cb  param1 =   func(4f364b8) 
[2017/01/10 11:03:40 588] isr        1525 ASR_MSG_SSB  
[2017/01/10 11:03:40 588] isr        1070 session_begin() [in], params:   engine_type = local, accent = mandarin,  vad_eos = 8000, 				asr_res_path = fo|res/asr/common.jet, sample_rate = 16000, 						grm_build_path = res/asr/GrmBuilld, local_grammar = test, 								result_type = plain, result_encoding = GB2312, ═¤¤¤¤ллллллллю■ю■  nil  
[2017/01/10 11:03:40 588] isr        938  vad_set [in]  
[2017/01/10 11:03:40 588] isr        973  vad_enable :  true  
[2017/01/10 11:03:40 588] isr        991  vad_bos :  10000  
[2017/01/10 11:03:40 588] isr        992  vad_eos :  8000  
[2017/01/10 11:03:40 588] isr        897  enable_vad [in]  
[2017/01/10 11:03:40 588] isr        929  vad enabled!  8000  10000  
[2017/01/10 11:03:40 588] isr        932  enable_vad [out]  
[2017/01/10 11:03:40 588] isr        998  vad_set [out] | ret =  0  
[2017/01/10 11:03:40 588] isr        1174 cur_engine_type =   local  
[2017/01/10 11:03:40 588] isr        1003 local_session_begin  
[2017/01/10 11:03:40 595] isr        1535 ASR_MSG_AUW,   local  
[2017/01/10 11:03:40 595] isr        1546 6400  1  
[2017/01/10 11:03:40 595] isr        1550 once_bytes:   6400  
[2017/01/10 11:03:40 598] isr        845  [aud] speech start  
[2017/01/10 11:03:40 696] isr        1535 ASR_MSG_AUW,   local  
[2017/01/10 11:03:40 696] isr        1546 6400  2  
[2017/01/10 11:03:40 898] isr        1535 ASR_MSG_AUW,   local  
[2017/01/10 11:03:40 898] isr        1546 6400  2  
[2017/01/10 11:03:41 098] isr        1535 ASR_MSG_AUW,   local  
[2017/01/10 11:03:41 098] isr        1546 6400  2  
[2017/01/10 11:03:41 301] isr        1535 ASR_MSG_AUW,   local  
[2017/01/10 11:03:41 301] isr        1546 6400  2  
[2017/01/10 11:03:41 306] isr        759  local_cbmsg_handler  ,msg=  404  param1=  nil  
[2017/01/10 11:03:41 503] isr        1535 ASR_MSG_AUW,   local  
[2017/01/10 11:03:41 503] isr        1546 6400  2  
[2017/01/10 11:03:41 704] isr        1535 ASR_MSG_AUW,   local  
[2017/01/10 11:03:41 704] isr        1546 6400  2  
