============================================================
Time  2017/04/29 16:55:27 233 
============================================================
[2017/04/29 16:55:27 233] lgi        641  SYS_MSG_LOAD  
[2017/04/29 16:55:27 236] lgi        663  SYS_MSG_REGCB  msp_status_cb  func(35ed530) 
[2017/04/29 16:55:27 236] lgi        292  LGI_MSG_INIT  
[2017/04/29 16:55:27 236] lgi        299  lgi  lgi_  268436457  1488110188  
[2017/04/29 16:55:27 236] lgi        332  lgi params:  appid = 5904540b  
[2017/04/29 16:55:27 236] lgi        346  auth_time_str=  2017/04/29 16:55:27  
[2017/04/29 16:55:27 236] lgi        352  auth_appid=  5904540b  
[2017/04/29 16:55:27 236] lgi        363  token:  nil  
[2017/04/29 16:55:27 236] lgi        433  msc cver : 5.0.29.1151  
[2017/04/29 16:55:27 239] lgi        476  ns_enable=  1  
[2017/04/29 16:55:27 239] lgi        488  prot_ver=1  
[2017/04/29 16:55:27 239] lgi        499  prot_type=tcp  
[2017/04/29 16:55:27 239] lgi        650  SYS_MSG_UNLOAD  go bg!  
============================================================
Time  2017/05/02 13:53:31 072 
============================================================
[2017/05/02 13:53:31 105] lgi        641  SYS_MSG_LOAD  
[2017/05/02 13:53:31 141] lgi        663  SYS_MSG_REGCB  msp_status_cb  func(38ce8e0) 
[2017/05/02 13:53:31 141] lgi        292  LGI_MSG_INIT  
[2017/05/02 13:53:31 141] lgi        299  lgi  lgi_  268436457  1488110188  
[2017/05/02 13:53:31 141] lgi        332  lgi params:  appid = 5904540b  
[2017/05/02 13:53:31 141] lgi        346  auth_time_str=  2017/05/02 13:53:31  
[2017/05/02 13:53:31 141] lgi        352  auth_appid=  5904540b  
[2017/05/02 13:53:31 141] lgi        363  token:  nil  
[2017/05/02 13:53:31 141] lgi        433  msc cver : 5.0.29.1151  
[2017/05/02 13:53:31 142] lgi        476  ns_enable=  1  
[2017/05/02 13:53:31 142] lgi        488  prot_ver=1  
[2017/05/02 13:53:31 142] lgi        499  prot_type=tcp  
[2017/05/02 13:53:31 142] lgi        650  SYS_MSG_UNLOAD  go bg!  
============================================================
Time  2017/05/02 13:58:35 482 
============================================================
[2017/05/02 13:58:35 483] lgi        641  SYS_MSG_LOAD  
[2017/05/02 13:58:35 483] lgi        663  SYS_MSG_REGCB  msp_status_cb  func(295de20) 
[2017/05/02 13:58:35 483] lgi        292  LGI_MSG_INIT  
[2017/05/02 13:58:35 484] lgi        299  lgi  lgi_  268436457  1488110188  
[2017/05/02 13:58:35 484] lgi        332  lgi params:  appid = 5904540b  
[2017/05/02 13:58:35 484] lgi        346  auth_time_str=  2017/05/02 13:58:35  
[2017/05/02 13:58:35 484] lgi        352  auth_appid=  5904540b  
[2017/05/02 13:58:35 484] lgi        363  token:  nil  
[2017/05/02 13:58:35 484] lgi        433  msc cver : 5.0.29.1151  
[2017/05/02 13:58:35 484] lgi        476  ns_enable=  1  
[2017/05/02 13:58:35 484] lgi        488  prot_ver=1  
[2017/05/02 13:58:35 486] lgi        499  prot_type=tcp  
[2017/05/02 13:58:35 486] lgi        650  SYS_MSG_UNLOAD  go bg!  
============================================================
Time  2017/05/02 14:26:55 901 
============================================================
[2017/05/02 14:26:55 901] lgi        641  SYS_MSG_LOAD  
[2017/05/02 14:26:55 901] lgi        663  SYS_MSG_REGCB  msp_status_cb  func(2fce918) 
[2017/05/02 14:26:55 903] lgi        292  LGI_MSG_INIT  
[2017/05/02 14:26:55 903] lgi        299  lgi  lgi_  268436457  1488110188  
[2017/05/02 14:26:55 903] lgi        332  lgi params:  appid = 5904540b  
[2017/05/02 14:26:55 903] lgi        346  auth_time_str=  2017/05/02 14:26:55  
[2017/05/02 14:26:55 903] lgi        352  auth_appid=  5904540b  
[2017/05/02 14:26:55 903] lgi        363  token:  nil  
[2017/05/02 14:26:55 903] lgi        433  msc cver : 5.0.29.1151  
[2017/05/02 14:26:55 904] lgi        476  ns_enable=  1  
[2017/05/02 14:26:55 904] lgi        488  prot_ver=1  
[2017/05/02 14:26:55 904] lgi        499  prot_type=tcp  
[2017/05/02 14:26:55 904] lgi        650  SYS_MSG_UNLOAD  go bg!  
============================================================
Time  2017/05/02 16:09:15 900 
============================================================
[2017/05/02 16:09:15 900] lgi        641  SYS_MSG_LOAD  
[2017/05/02 16:09:15 901] lgi        663  SYS_MSG_REGCB  msp_status_cb  func(357e508) 
[2017/05/02 16:09:15 901] lgi        292  LGI_MSG_INIT  
[2017/05/02 16:09:15 903] lgi        299  lgi  lgi_  268436457  1488110188  
[2017/05/02 16:09:15 903] lgi        332  lgi params:  appid = 5904540b  
[2017/05/02 16:09:15 903] lgi        346  auth_time_str=  2017/05/02 16:09:15  
[2017/05/02 16:09:15 903] lgi        352  auth_appid=  5904540b  
[2017/05/02 16:09:15 903] lgi        363  token:  nil  
[2017/05/02 16:09:15 904] lgi        433  msc cver : 5.0.29.1151  
[2017/05/02 16:09:15 904] lgi        476  ns_enable=  1  
[2017/05/02 16:09:15 904] lgi        488  prot_ver=1  
[2017/05/02 16:09:15 904] lgi        499  prot_type=tcp  
[2017/05/02 16:09:15 904] lgi        650  SYS_MSG_UNLOAD  go bg!  
============================================================
Time  2017/05/02 16:19:03 019 
============================================================
[2017/05/02 16:19:03 019] lgi        641  SYS_MSG_LOAD  
[2017/05/02 16:19:03 020] lgi        663  SYS_MSG_REGCB  msp_status_cb  func(2efe918) 
[2017/05/02 16:19:03 022] lgi        292  LGI_MSG_INIT  
[2017/05/02 16:19:03 022] lgi        299  lgi  lgi_  268436457  1488110188  
[2017/05/02 16:19:03 022] lgi        332  lgi params:  appid = 5904540b  
[2017/05/02 16:19:03 022] lgi        346  auth_time_str=  2017/05/02 16:19:03  
[2017/05/02 16:19:03 022] lgi        352  auth_appid=  5904540b  
[2017/05/02 16:19:03 023] lgi        363  token:  nil  
[2017/05/02 16:19:03 023] lgi        433  msc cver : 5.0.29.1151  
[2017/05/02 16:19:03 023] lgi        476  ns_enable=  1  
[2017/05/02 16:19:03 023] lgi        488  prot_ver=1  
[2017/05/02 16:19:03 023] lgi        499  prot_type=tcp  
[2017/05/02 16:19:03 023] lgi        650  SYS_MSG_UNLOAD  go bg!  
============================================================
Time  2017/06/03 19:20:00 013 
============================================================
[2017/06/03 19:20:00 013] lgi        641  SYS_MSG_LOAD  
[2017/06/03 19:20:00 026] lgi        663  SYS_MSG_REGCB  msp_status_cb  func(2e5fed0) 
[2017/06/03 19:20:00 026] lgi        292  LGI_MSG_INIT  
[2017/06/03 19:20:00 026] lgi        299  lgi  lgi_  268436457  1488110188  
[2017/06/03 19:20:00 028] lgi        332  lgi params:  appid = 5904540b  
[2017/06/03 19:20:00 028] lgi        346  auth_time_str=  2017/06/03 19:19:59  
[2017/06/03 19:20:00 028] lgi        352  auth_appid=  5904540b  
[2017/06/03 19:20:00 028] lgi        363  token:  nil  
[2017/06/03 19:20:00 028] lgi        433  msc cver : 5.0.29.1151  
[2017/06/03 19:20:00 028] lgi        476  ns_enable=  1  
[2017/06/03 19:20:00 028] lgi        488  prot_ver=1  
[2017/06/03 19:20:00 029] lgi        499  prot_type=tcp  
[2017/06/03 19:20:00 029] lgi        650  SYS_MSG_UNLOAD  go bg!  
[2017/06/03 19:20:03 829] lgi        654  SYS_MSG_SHUTDOWN  
============================================================
Time  2017/06/03 19:29:16 012 
============================================================
[2017/06/03 19:29:16 013] lgi        641  SYS_MSG_LOAD  
[2017/06/03 19:29:16 013] lgi        663  SYS_MSG_REGCB  msp_status_cb  func(3270348) 
[2017/06/03 19:29:16 015] lgi        292  LGI_MSG_INIT  
[2017/06/03 19:29:16 015] lgi        299  lgi  lgi_  268436457  1488110188  
[2017/06/03 19:29:16 015] lgi        332  lgi params:  appid = 59329c3a  
[2017/06/03 19:29:16 015] lgi        346  auth_time_str=  2017/06/03 19:29:16  
[2017/06/03 19:29:16 015] lgi        352  auth_appid=  59329c3a  
[2017/06/03 19:29:16 015] lgi        363  token:  nil  
[2017/06/03 19:29:16 015] lgi        433  msc cver : 5.0.29.1151  
[2017/06/03 19:29:16 016] lgi        476  ns_enable=  1  
[2017/06/03 19:29:16 016] lgi        488  prot_ver=1  
[2017/06/03 19:29:16 016] lgi        499  prot_type=tcp  
[2017/06/03 19:29:16 016] lgi        650  SYS_MSG_UNLOAD  go bg!  
[2017/06/03 19:29:19 624] lgi        654  SYS_MSG_SHUTDOWN  
============================================================
Time  2017/06/03 19:31:53 789 
============================================================
[2017/06/03 19:31:53 790] lgi        641  SYS_MSG_LOAD  
[2017/06/03 19:31:53 792] lgi        663  SYS_MSG_REGCB  msp_status_cb  func(2f5f868) 
[2017/06/03 19:31:53 792] lgi        292  LGI_MSG_INIT  
[2017/06/03 19:31:53 792] lgi        299  lgi  lgi_  268436457  1488110188  
[2017/06/03 19:31:53 792] lgi        332  lgi params:  appid = 59329c3a  
[2017/06/03 19:31:53 792] lgi        346  auth_time_str=  2017/06/03 19:31:53  
[2017/06/03 19:31:53 792] lgi        352  auth_appid=  59329c3a  
[2017/06/03 19:31:53 792] lgi        363  token:  nil  
[2017/06/03 19:31:53 792] lgi        433  msc cver : 5.0.29.1151  
[2017/06/03 19:31:53 793] lgi        476  ns_enable=  1  
[2017/06/03 19:31:53 793] lgi        488  prot_ver=1  
[2017/06/03 19:31:53 793] lgi        499  prot_type=tcp  
[2017/06/03 19:31:53 795] lgi        650  SYS_MSG_UNLOAD  go bg!  
[2017/06/03 19:31:56 375] lgi        654  SYS_MSG_SHUTDOWN  
============================================================
Time  2017/06/03 19:34:15 536 
============================================================
[2017/06/03 19:34:15 536] lgi        641  SYS_MSG_LOAD  
[2017/06/03 19:34:15 538] lgi        663  SYS_MSG_REGCB  msp_status_cb  func(3070708) 
[2017/06/03 19:34:15 538] lgi        292  LGI_MSG_INIT  
[2017/06/03 19:34:15 538] lgi        299  lgi  lgi_  268436457  1488110188  
[2017/06/03 19:34:15 538] lgi        332  lgi params:  appid = 59329c3a  
[2017/06/03 19:34:15 538] lgi        346  auth_time_str=  2017/06/03 19:34:15  
[2017/06/03 19:34:15 539] lgi        352  auth_appid=  59329c3a  
[2017/06/03 19:34:15 539] lgi        363  token:  nil  
[2017/06/03 19:34:15 539] lgi        433  msc cver : 5.0.29.1151  
[2017/06/03 19:34:15 539] lgi        476  ns_enable=  1  
[2017/06/03 19:34:15 539] lgi        488  prot_ver=1  
[2017/06/03 19:34:15 539] lgi        499  prot_type=tcp  
[2017/06/03 19:34:15 539] lgi        650  SYS_MSG_UNLOAD  go bg!  
[2017/06/03 19:34:17 109] lgi        654  SYS_MSG_SHUTDOWN  
============================================================
Time  2017/06/03 19:36:32 339 
============================================================
[2017/06/03 19:36:32 339] lgi        641  SYS_MSG_LOAD  
[2017/06/03 19:36:32 342] lgi        663  SYS_MSG_REGCB  msp_status_cb  func(2adff08) 
[2017/06/03 19:36:32 342] lgi        292  LGI_MSG_INIT  
[2017/06/03 19:36:32 342] lgi        299  lgi  lgi_  268436457  1488110188  
[2017/06/03 19:36:32 342] lgi        332  lgi params:  appid = 59329c3a  
[2017/06/03 19:36:32 342] lgi        346  auth_time_str=  2017/06/03 19:36:32  
[2017/06/03 19:36:32 342] lgi        352  auth_appid=  59329c3a  
[2017/06/03 19:36:32 342] lgi        363  token:  nil  
[2017/06/03 19:36:32 342] lgi        433  msc cver : 5.0.29.1151  
[2017/06/03 19:36:32 342] lgi        476  ns_enable=  1  
[2017/06/03 19:36:32 342] lgi        488  prot_ver=1  
[2017/06/03 19:36:32 342] lgi        499  prot_type=tcp  
[2017/06/03 19:36:32 344] lgi        650  SYS_MSG_UNLOAD  go bg!  
[2017/06/03 19:36:41 278] lgi        654  SYS_MSG_SHUTDOWN  
============================================================
Time  2017/06/03 19:38:06 457 
============================================================
[2017/06/03 19:38:06 457] lgi        641  SYS_MSG_LOAD  
[2017/06/03 19:38:06 460] lgi        663  SYS_MSG_REGCB  msp_status_cb  func(2bbfdd0) 
[2017/06/03 19:38:06 460] lgi        292  LGI_MSG_INIT  
[2017/06/03 19:38:06 460] lgi        299  lgi  lgi_  268436457  1488110188  
[2017/06/03 19:38:06 460] lgi        332  lgi params:  appid = 59329c3b  
[2017/06/03 19:38:06 460] lgi        346  auth_time_str=  2017/06/03 19:38:06  
[2017/06/03 19:38:06 460] lgi        352  auth_appid=  59329c3b  
[2017/06/03 19:38:06 460] lgi        363  token:  nil  
[2017/06/03 19:38:06 460] lgi        433  msc cver : 5.0.29.1151  
[2017/06/03 19:38:06 460] lgi        476  ns_enable=  1  
[2017/06/03 19:38:06 461] lgi        488  prot_ver=1  
[2017/06/03 19:38:06 461] lgi        499  prot_type=tcp  
[2017/06/03 19:38:06 461] lgi        650  SYS_MSG_UNLOAD  go bg!  
[2017/06/03 19:38:08 956] lgi        654  SYS_MSG_SHUTDOWN  
============================================================
Time  2017/06/03 19:38:37 737 
============================================================
[2017/06/03 19:38:37 739] lgi        641  SYS_MSG_LOAD  
[2017/06/03 19:38:37 740] lgi        663  SYS_MSG_REGCB  msp_status_cb  func(311fa68) 
[2017/06/03 19:38:37 740] lgi        292  LGI_MSG_INIT  
[2017/06/03 19:38:37 740] lgi        299  lgi  lgi_  268436457  1488110188  
[2017/06/03 19:38:37 740] lgi        332  lgi params:  appid = 59329c3a  
[2017/06/03 19:38:37 740] lgi        346  auth_time_str=  2017/06/03 19:38:37  
[2017/06/03 19:38:37 740] lgi        352  auth_appid=  59329c3a  
[2017/06/03 19:38:37 740] lgi        363  token:  nil  
[2017/06/03 19:38:37 740] lgi        433  msc cver : 5.0.29.1151  
[2017/06/03 19:38:37 742] lgi        476  ns_enable=  1  
[2017/06/03 19:38:37 742] lgi        488  prot_ver=1  
[2017/06/03 19:38:37 742] lgi        499  prot_type=tcp  
[2017/06/03 19:38:37 743] lgi        650  SYS_MSG_UNLOAD  go bg!  
[2017/06/03 19:38:40 099] lgi        654  SYS_MSG_SHUTDOWN  
============================================================
Time  2017/06/03 19:43:57 657 
============================================================
[2017/06/03 19:43:57 657] lgi        641  SYS_MSG_LOAD  
[2017/06/03 19:43:57 657] lgi        663  SYS_MSG_REGCB  msp_status_cb  func(34a0108) 
[2017/06/03 19:43:57 658] lgi        292  LGI_MSG_INIT  
[2017/06/03 19:43:57 658] lgi        299  lgi  lgi_  268436457  1488110188  
[2017/06/03 19:43:57 658] lgi        332  lgi params:  appid = 59329c3a  
[2017/06/03 19:43:57 658] lgi        346  auth_time_str=  2017/06/03 19:43:57  
[2017/06/03 19:43:57 658] lgi        352  auth_appid=  59329c3a  
[2017/06/03 19:43:57 658] lgi        363  token:  nil  
[2017/06/03 19:43:57 658] lgi        433  msc cver : 5.0.29.1151  
[2017/06/03 19:43:57 660] lgi        476  ns_enable=  1  
[2017/06/03 19:43:57 660] lgi        488  prot_ver=1  
[2017/06/03 19:43:57 660] lgi        499  prot_type=tcp  
[2017/06/03 19:43:57 660] lgi        650  SYS_MSG_UNLOAD  go bg!  
[2017/06/03 19:44:00 180] lgi        654  SYS_MSG_SHUTDOWN  
============================================================
Time  2017/06/03 19:50:29 733 
============================================================
[2017/06/03 19:50:29 733] lgi        641  SYS_MSG_LOAD  
[2017/06/03 19:50:29 734] lgi        663  SYS_MSG_REGCB  msp_status_cb  func(333fe48) 
[2017/06/03 19:50:29 734] lgi        292  LGI_MSG_INIT  
[2017/06/03 19:50:29 734] lgi        299  lgi  lgi_  268436457  1488110188  
[2017/06/03 19:50:29 736] lgi        332  lgi params:  appid = 59329c3a  
[2017/06/03 19:50:29 736] lgi        346  auth_time_str=  2017/06/03 19:50:29  
[2017/06/03 19:50:29 736] lgi        352  auth_appid=  59329c3a  
[2017/06/03 19:50:29 736] lgi        363  token:  nil  
[2017/06/03 19:50:29 736] lgi        433  msc cver : 5.0.29.1151  
[2017/06/03 19:50:29 736] lgi        476  ns_enable=  1  
[2017/06/03 19:50:29 736] lgi        488  prot_ver=1  
[2017/06/03 19:50:29 736] lgi        499  prot_type=tcp  
[2017/06/03 19:50:29 736] lgi        650  SYS_MSG_UNLOAD  go bg!  
[2017/06/03 19:50:39 384] lgi        654  SYS_MSG_SHUTDOWN  
============================================================
Time  2017/06/03 19:52:12 558 
============================================================
[2017/06/03 19:52:12 558] lgi        641  SYS_MSG_LOAD  
[2017/06/03 19:52:12 559] lgi        663  SYS_MSG_REGCB  msp_status_cb  func(2de05c8) 
[2017/06/03 19:52:12 559] lgi        292  LGI_MSG_INIT  
[2017/06/03 19:52:12 559] lgi        299  lgi  lgi_  268436457  1488110188  
[2017/06/03 19:52:12 559] lgi        332  lgi params:  appid = 59329c3a  
[2017/06/03 19:52:12 561] lgi        346  auth_time_str=  2017/06/03 19:52:12  
[2017/06/03 19:52:12 561] lgi        352  auth_appid=  59329c3a  
[2017/06/03 19:52:12 561] lgi        363  token:  nil  
[2017/06/03 19:52:12 561] lgi        433  msc cver : 5.0.29.1151  
[2017/06/03 19:52:12 561] lgi        476  ns_enable=  1  
[2017/06/03 19:52:12 561] lgi        488  prot_ver=1  
[2017/06/03 19:52:12 561] lgi        499  prot_type=tcp  
[2017/06/03 19:52:12 561] lgi        650  SYS_MSG_UNLOAD  go bg!  
[2017/06/03 19:52:14 210] lgi        654  SYS_MSG_SHUTDOWN  
============================================================
Time  2017/06/03 20:13:30 983 
============================================================
[2017/06/03 20:13:30 983] lgi        641  SYS_MSG_LOAD  
[2017/06/03 20:13:30 992] lgi        663  SYS_MSG_REGCB  msp_status_cb  func(3c5fcc8) 
[2017/06/03 20:13:30 992] lgi        292  LGI_MSG_INIT  
[2017/06/03 20:13:30 992] lgi        299  lgi  lgi_  268436457  1488110188  
[2017/06/03 20:13:30 992] lgi        332  lgi params:  appid = 5932a3b6  
[2017/06/03 20:13:30 992] lgi        346  auth_time_str=  2017/06/03 20:13:30  
[2017/06/03 20:13:30 992] lgi        352  auth_appid=  5932a3b6  
[2017/06/03 20:13:30 993] lgi        363  token:  nil  
[2017/06/03 20:13:30 993] lgi        433  msc cver : 5.0.29.1151  
[2017/06/03 20:13:30 993] lgi        476  ns_enable=  1  
[2017/06/03 20:13:30 993] lgi        488  prot_ver=1  
[2017/06/03 20:13:30 993] lgi        499  prot_type=tcp  
[2017/06/03 20:13:30 993] lgi        650  SYS_MSG_UNLOAD  go bg!  
[2017/06/03 20:13:36 956] lgi        654  SYS_MSG_SHUTDOWN  
============================================================
Time  2017/06/03 20:14:33 542 
============================================================
[2017/06/03 20:14:33 542] lgi        641  SYS_MSG_LOAD  
[2017/06/03 20:14:33 545] lgi        663  SYS_MSG_REGCB  msp_status_cb  func(34bff08) 
[2017/06/03 20:14:33 545] lgi        292  LGI_MSG_INIT  
[2017/06/03 20:14:33 546] lgi        299  lgi  lgi_  268436457  1488110188  
[2017/06/03 20:14:33 546] lgi        332  lgi params:  appid = 5932a3b6  
[2017/06/03 20:14:33 546] lgi        346  auth_time_str=  2017/06/03 20:14:33  
[2017/06/03 20:14:33 546] lgi        352  auth_appid=  5932a3b6  
[2017/06/03 20:14:33 546] lgi        363  token:  nil  
[2017/06/03 20:14:33 546] lgi        433  msc cver : 5.0.29.1151  
[2017/06/03 20:14:33 546] lgi        476  ns_enable=  1  
[2017/06/03 20:14:33 546] lgi        488  prot_ver=1  
[2017/06/03 20:14:33 546] lgi        499  prot_type=tcp  
[2017/06/03 20:14:33 546] lgi        650  SYS_MSG_UNLOAD  go bg!  
[2017/06/03 20:14:36 316] lgi        654  SYS_MSG_SHUTDOWN  
============================================================
Time  2017/06/03 20:18:09 076 
============================================================
[2017/06/03 20:18:09 078] lgi        641  SYS_MSG_LOAD  
[2017/06/03 20:18:09 078] lgi        663  SYS_MSG_REGCB  msp_status_cb  func(3a20348) 
[2017/06/03 20:18:09 078] lgi        292  LGI_MSG_INIT  
[2017/06/03 20:18:09 079] lgi        299  lgi  lgi_  268436457  1488110188  
[2017/06/03 20:18:09 079] lgi        332  lgi params:  appid = 5932a3b6  
[2017/06/03 20:18:09 079] lgi        346  auth_time_str=  2017/06/03 20:18:09  
[2017/06/03 20:18:09 079] lgi        352  auth_appid=  5932a3b6  
[2017/06/03 20:18:09 079] lgi        363  token:  nil  
[2017/06/03 20:18:09 079] lgi        433  msc cver : 5.0.29.1151  
[2017/06/03 20:18:09 081] lgi        476  ns_enable=  1  
[2017/06/03 20:18:09 081] lgi        488  prot_ver=1  
[2017/06/03 20:18:09 081] lgi        499  prot_type=tcp  
[2017/06/03 20:18:09 081] lgi        650  SYS_MSG_UNLOAD  go bg!  
============================================================
Time  2017/06/04 17:33:18 216 
============================================================
[2017/06/04 17:33:18 216] lgi        641  SYS_MSG_LOAD  
[2017/06/04 17:33:18 243] lgi        663  SYS_MSG_REGCB  msp_status_cb  func(375f490) 
[2017/06/04 17:33:18 243] lgi        292  LGI_MSG_INIT  
[2017/06/04 17:33:18 243] lgi        299  lgi  lgi_  268436457  1488110188  
[2017/06/04 17:33:18 243] lgi        332  lgi params:  appid = 5932a3b6  
[2017/06/04 17:33:18 243] lgi        346  auth_time_str=  2017/06/04 17:33:18  
[2017/06/04 17:33:18 243] lgi        352  auth_appid=  5932a3b6  
[2017/06/04 17:33:18 243] lgi        363  token:  nil  
[2017/06/04 17:33:18 243] lgi        433  msc cver : 5.0.29.1151  
[2017/06/04 17:33:18 244] lgi        476  ns_enable=  1  
[2017/06/04 17:33:18 244] lgi        488  prot_ver=1  
[2017/06/04 17:33:18 244] lgi        499  prot_type=tcp  
[2017/06/04 17:33:18 244] lgi        650  SYS_MSG_UNLOAD  go bg!  
============================================================
Time  2017/06/04 17:44:48 496 
============================================================
[2017/06/04 17:44:48 497] lgi        641  SYS_MSG_LOAD  
[2017/06/04 17:44:48 500] lgi        663  SYS_MSG_REGCB  msp_status_cb  func(2f70168) 
[2017/06/04 17:44:48 500] lgi        292  LGI_MSG_INIT  
[2017/06/04 17:44:48 500] lgi        299  lgi  lgi_  268436457  1488110188  
[2017/06/04 17:44:48 500] lgi        332  lgi params:  appid = 5932a3b6  
[2017/06/04 17:44:48 500] lgi        346  auth_time_str=  2017/06/04 17:44:48  
[2017/06/04 17:44:48 500] lgi        352  auth_appid=  5932a3b6  
[2017/06/04 17:44:48 500] lgi        363  token:  nil  
[2017/06/04 17:44:48 500] lgi        433  msc cver : 5.0.29.1151  
[2017/06/04 17:44:48 500] lgi        476  ns_enable=  1  
[2017/06/04 17:44:48 500] lgi        488  prot_ver=1  
[2017/06/04 17:44:48 500] lgi        499  prot_type=tcp  
[2017/06/04 17:44:48 500] lgi        650  SYS_MSG_UNLOAD  go bg!  
============================================================
Time  2017/06/06 01:38:46 470 
============================================================
[2017/06/06 01:38:46 470] lgi        641  SYS_MSG_LOAD  
[2017/06/06 01:38:46 546] lgi        663  SYS_MSG_REGCB  msp_status_cb  func(356ffc8) 
[2017/06/06 01:38:46 546] lgi        292  LGI_MSG_INIT  
[2017/06/06 01:38:46 546] lgi        299  lgi  lgi_  268436457  1488110188  
[2017/06/06 01:38:46 546] lgi        332  lgi params:  appid = 5932a3b6  
[2017/06/06 01:38:46 546] lgi        346  auth_time_str=  2017/06/06 01:38:46  
[2017/06/06 01:38:46 546] lgi        352  auth_appid=  5932a3b6  
[2017/06/06 01:38:46 546] lgi        363  token:  nil  
[2017/06/06 01:38:46 546] lgi        433  msc cver : 5.0.29.1151  
[2017/06/06 01:38:46 546] lgi        476  ns_enable=  1  
[2017/06/06 01:38:46 546] lgi        488  prot_ver=1  
[2017/06/06 01:38:46 546] lgi        499  prot_type=tcp  
[2017/06/06 01:38:46 548] lgi        650  SYS_MSG_UNLOAD  go bg!  
============================================================
Time  2017/06/06 04:08:25 851 
============================================================
[2017/06/06 04:08:25 851] lgi        641  SYS_MSG_LOAD  
[2017/06/06 04:08:25 871] lgi        663  SYS_MSG_REGCB  msp_status_cb  func(3450508) 
[2017/06/06 04:08:25 871] lgi        292  LGI_MSG_INIT  
[2017/06/06 04:08:25 871] lgi        299  lgi  lgi_  268436457  1488110188  
[2017/06/06 04:08:25 871] lgi        332  lgi params:  appid = 5932a3b6  
[2017/06/06 04:08:25 871] lgi        346  auth_time_str=  2017/06/06 04:08:25  
[2017/06/06 04:08:25 871] lgi        352  auth_appid=  5932a3b6  
[2017/06/06 04:08:25 871] lgi        363  token:  nil  
[2017/06/06 04:08:25 871] lgi        433  msc cver : 5.0.29.1151  
[2017/06/06 04:08:25 871] lgi        476  ns_enable=  1  
[2017/06/06 04:08:25 871] lgi        488  prot_ver=1  
[2017/06/06 04:08:25 871] lgi        499  prot_type=tcp  
[2017/06/06 04:08:25 872] lgi        650  SYS_MSG_UNLOAD  go bg!  
============================================================
Time  2017/06/06 09:00:11 385 
============================================================
[2017/06/06 09:00:11 385] lgi        641  SYS_MSG_LOAD  
[2017/06/06 09:00:11 483] lgi        663  SYS_MSG_REGCB  msp_status_cb  func(3250048) 
[2017/06/06 09:00:11 483] lgi        292  LGI_MSG_INIT  
[2017/06/06 09:00:11 483] lgi        299  lgi  lgi_  268436457  1488110188  
[2017/06/06 09:00:11 483] lgi        332  lgi params:  appid = 5932a3b6  
[2017/06/06 09:00:11 484] lgi        346  auth_time_str=  2017/06/06 09:00:11  
[2017/06/06 09:00:11 484] lgi        352  auth_appid=  5932a3b6  
[2017/06/06 09:00:11 484] lgi        363  token:  nil  
[2017/06/06 09:00:11 484] lgi        433  msc cver : 5.0.29.1151  
[2017/06/06 09:00:11 484] lgi        476  ns_enable=  1  
[2017/06/06 09:00:11 484] lgi        488  prot_ver=1  
[2017/06/06 09:00:11 484] lgi        499  prot_type=tcp  
[2017/06/06 09:00:11 486] lgi        650  SYS_MSG_UNLOAD  go bg!  
[2017/06/06 09:00:40 523] lgi        654  SYS_MSG_SHUTDOWN  
============================================================
Time  2017/06/06 09:01:33 163 
============================================================
[2017/06/06 09:01:33 164] lgi        641  SYS_MSG_LOAD  
[2017/06/06 09:01:33 164] lgi        663  SYS_MSG_REGCB  msp_status_cb  func(2e10248) 
[2017/06/06 09:01:33 165] lgi        292  LGI_MSG_INIT  
[2017/06/06 09:01:33 165] lgi        299  lgi  lgi_  268436457  1488110188  
[2017/06/06 09:01:33 165] lgi        332  lgi params:  appid = 5932a3b6  
[2017/06/06 09:01:33 165] lgi        346  auth_time_str=  2017/06/06 09:01:33  
[2017/06/06 09:01:33 165] lgi        352  auth_appid=  5932a3b6  
[2017/06/06 09:01:33 165] lgi        363  token:  nil  
[2017/06/06 09:01:33 165] lgi        433  msc cver : 5.0.29.1151  
[2017/06/06 09:01:33 167] lgi        476  ns_enable=  1  
[2017/06/06 09:01:33 167] lgi        488  prot_ver=1  
[2017/06/06 09:01:33 167] lgi        499  prot_type=tcp  
[2017/06/06 09:01:33 167] lgi        650  SYS_MSG_UNLOAD  go bg!  
============================================================
Time  2017/06/06 09:09:40 651 
============================================================
[2017/06/06 09:09:40 651] lgi        641  SYS_MSG_LOAD  
[2017/06/06 09:09:40 654] lgi        663  SYS_MSG_REGCB  msp_status_cb  func(38f0250) 
[2017/06/06 09:09:40 654] lgi        292  LGI_MSG_INIT  
[2017/06/06 09:09:40 654] lgi        299  lgi  lgi_  268436457  1488110188  
[2017/06/06 09:09:40 654] lgi        332  lgi params:  appid = 5932a3b6  
[2017/06/06 09:09:40 654] lgi        346  auth_time_str=  2017/06/06 09:09:40  
[2017/06/06 09:09:40 654] lgi        352  auth_appid=  5932a3b6  
[2017/06/06 09:09:40 654] lgi        363  token:  nil  
[2017/06/06 09:09:40 654] lgi        433  msc cver : 5.0.29.1151  
[2017/06/06 09:09:40 654] lgi        476  ns_enable=  1  
[2017/06/06 09:09:40 654] lgi        488  prot_ver=1  
[2017/06/06 09:09:40 654] lgi        499  prot_type=tcp  
[2017/06/06 09:09:40 655] lgi        650  SYS_MSG_UNLOAD  go bg!  
[2017/06/06 09:11:26 446] lgi        654  SYS_MSG_SHUTDOWN  
============================================================
Time  2017/06/06 09:13:46 190 
============================================================
[2017/06/06 09:13:46 191] lgi        641  SYS_MSG_LOAD  
[2017/06/06 09:13:46 193] lgi        663  SYS_MSG_REGCB  msp_status_cb  func(2b2fa88) 
[2017/06/06 09:13:46 194] lgi        292  LGI_MSG_INIT  
[2017/06/06 09:13:46 194] lgi        299  lgi  lgi_  268436457  1488110188  
[2017/06/06 09:13:46 194] lgi        332  lgi params:  appid = 5932a3b6  
[2017/06/06 09:13:46 194] lgi        346  auth_time_str=  2017/06/06 09:13:46  
[2017/06/06 09:13:46 194] lgi        352  auth_appid=  5932a3b6  
[2017/06/06 09:13:46 194] lgi        363  token:  nil  
[2017/06/06 09:13:46 194] lgi        433  msc cver : 5.0.29.1151  
[2017/06/06 09:13:46 194] lgi        476  ns_enable=  1  
[2017/06/06 09:13:46 194] lgi        488  prot_ver=1  
[2017/06/06 09:13:46 194] lgi        499  prot_type=tcp  
[2017/06/06 09:13:46 194] lgi        650  SYS_MSG_UNLOAD  go bg!  
============================================================
Time  2017/06/06 09:24:29 592 
============================================================
[2017/06/06 09:24:29 592] lgi        641  SYS_MSG_LOAD  
[2017/06/06 09:24:29 595] lgi        663  SYS_MSG_REGCB  msp_status_cb  func(2e50110) 
[2017/06/06 09:24:29 595] lgi        292  LGI_MSG_INIT  
[2017/06/06 09:24:29 595] lgi        299  lgi  lgi_  268436457  1488110188  
[2017/06/06 09:24:29 595] lgi        332  lgi params:  appid = 5932a3b6  
[2017/06/06 09:24:29 595] lgi        346  auth_time_str=  2017/06/06 09:24:29  
[2017/06/06 09:24:29 595] lgi        352  auth_appid=  5932a3b6  
[2017/06/06 09:24:29 595] lgi        363  token:  nil  
[2017/06/06 09:24:29 595] lgi        433  msc cver : 5.0.29.1151  
[2017/06/06 09:24:29 596] lgi        476  ns_enable=  1  
[2017/06/06 09:24:29 596] lgi        488  prot_ver=1  
[2017/06/06 09:24:29 596] lgi        499  prot_type=tcp  
[2017/06/06 09:24:29 596] lgi        650  SYS_MSG_UNLOAD  go bg!  
[2017/06/06 09:34:46 480] lgi        654  SYS_MSG_SHUTDOWN  
