============================================================
Time  2017/01/14 11:23:40 049 
============================================================
[2017/01/14 11:23:40 051] isr_local  2145 os_type is:  Win32  
[2017/01/14 11:23:40 052] isr_local  2154 SYS_MSG_LOAD_LOCAL  
[2017/01/14 11:23:40 052] isr_local  2183 SYS_MSG_REGCB_LOCAL| param0 =  msp_status_cb  
[2017/01/14 11:23:40 052] isr_local  2242 last gc at  1484364220  
[2017/01/14 11:23:40 052] isr_local  2183 SYS_MSG_REGCB_LOCAL| param0 =  build_grm_cb  
[2017/01/14 11:23:40 052] isr_local  2242 last gc at  1484364220  
[2017/01/14 11:23:40 052] isr_local  2196 ASR_LOCAL_MSG_BUILD_GRM  
[2017/01/14 11:23:40 052] isr_local  1838 grm_init | params:  engine_type = local, 				asr_res_path = fo|res/asr/common.jet, sample_rate = 16000, 						grm_build_path = res/asr/GrmBuilld,   
[2017/01/14 11:23:40 052] isr_local  801  engine_type  :  local  
[2017/01/14 11:23:40 052] isr_local  801  asr_res_path  :  fo|res/asr/common.jet  
[2017/01/14 11:23:40 052] isr_local  801  sample_rate  :  16000  
[2017/01/14 11:23:40 052] isr_local  801  grm_build_path  :  res/asr/GrmBuilld  
[2017/01/14 11:23:40 055] isr_local  998  file count =   1  
[2017/01/14 11:23:40 055] isr_local  921  file open type is:   fo  
[2017/01/14 11:23:40 055] isr_local  954  res/asr/common.jet  0  0  
[2017/01/14 11:23:40 055] isr_local  1016 speech_plus_setting  0  
[2017/01/14 11:23:40 055] isr_local  1029 2  nil  res/asr/common.jet  0  0  
[2017/01/14 11:23:40 055] isr_local  1031 res_ver  2  
[2017/01/14 11:23:40 055] isr_local  1032 res 5  e07fd3be31efbde6ff386dd7655f8d5a  
[2017/01/14 11:23:40 055] isr_local  1033 res_new_old_mark  v5pp  
[2017/01/14 11:23:40 055] isr_local  1034 res_usr_name    
[2017/01/14 11:23:40 055] isr_local  1035 res_expires  1485157792  
[2017/01/14 11:23:40 055] isr_local  1036 err  0  
[2017/01/14 11:23:40 055] isr_local  1052 lgi appid 5  40d25997c3f2e5e3ed3540f5c0473802  
[2017/01/14 11:23:40 055] isr_local  1054 lgi appid 5 and res appid 5 does not match  
[2017/01/14 11:23:40 055] isr_local  1004 parse respath substr error! :  11210  
[2017/01/14 11:23:40 055] isr_local  1823 parse_respath error! :  nil  
[2017/01/14 11:23:40 055] isr_local  1885 grm_init | create grm failed!  
[2017/01/14 11:23:40 056] isr_local  1579 proc_retcode_grm | errorcode =  11210  
[2017/01/14 11:23:40 056] isr_local  1571 onGrmLocalServiceCb  11210  nil  
