============================================================
Time  2016/12/20 10:24:38 782 
============================================================
[2016/12/20 10:24:38 783] isr_local  2145 os_type is:  Win32  
[2016/12/20 10:24:38 785] isr_local  2154 SYS_MSG_LOAD_LOCAL  
[2016/12/20 10:24:38 785] isr_local  2242 last gc at  1482200615  
[2016/12/20 10:24:38 785] isr_local  2183 SYS_MSG_REGCB_LOCAL| param0 =  msp_status_cb  
[2016/12/20 10:24:38 785] isr_local  2242 last gc at  1482200615  
[2016/12/20 10:24:38 785] isr_local  2183 SYS_MSG_REGCB_LOCAL| param0 =  update_lex_cb  
[2016/12/20 10:24:38 786] isr_local  2242 last gc at  1482200615  
[2016/12/20 10:24:38 786] isr_local  2209 ASR_LOCAL_MSG_UPDATE_LEX  
[2016/12/20 10:24:38 786] isr_local  1838 grm_init | params:  engine_type = local, text_encoding = GB2312, 				asr_res_path = fo|res/asr/common.jet, sample_rate = 16000, 						grm_build_path = res/asr/GrmBuilld, grammar_list = call,   
[2016/12/20 10:24:38 786] isr_local  801  engine_type  :  local  
[2016/12/20 10:24:38 786] isr_local  801  text_encoding  :  GB2312  
[2016/12/20 10:24:38 786] isr_local  801  asr_res_path  :  fo|res/asr/common.jet  
[2016/12/20 10:24:38 786] isr_local  801  sample_rate  :  16000  
[2016/12/20 10:24:38 786] isr_local  801  grm_build_path  :  res/asr/GrmBuilld  
[2016/12/20 10:24:38 786] isr_local  801  grammar_list  :  call  
[2016/12/20 10:24:38 788] isr_local  998  file count =   1  
[2016/12/20 10:24:38 788] isr_local  921  file open type is:   fo  
[2016/12/20 10:24:38 788] isr_local  954  res/asr/common.jet  0  0  
[2016/12/20 10:24:38 788] isr_local  1016 speech_plus_setting  0  
[2016/12/20 10:24:38 788] isr_local  1029 2  nil  res/asr/common.jet  0  0  
[2016/12/20 10:24:38 788] isr_local  1031 res_ver  2  
[2016/12/20 10:24:38 788] isr_local  1032 res 5  e07fd3be31efbde6ff386dd7655f8d5a  
[2016/12/20 10:24:38 788] isr_local  1033 res_new_old_mark  v5pp  
[2016/12/20 10:24:38 788] isr_local  1034 res_usr_name    
[2016/12/20 10:24:38 789] isr_local  1035 res_expires  1485157792  
[2016/12/20 10:24:38 789] isr_local  1036 err  0  
[2016/12/20 10:24:38 789] isr_local  1052 lgi appid 5  e07fd3be31efbde6ff386dd7655f8d5a  
[2016/12/20 10:24:38 789] isr_local  1067 now expires:  1482200678  1485157792  
[2016/12/20 10:24:38 789] isr_local  2218 update dict  
[2016/12/20 10:24:38 789] isr_local  1695 contact  call  
[2016/12/20 10:24:38 790] isr_local  1746 grm_list grm name:   call  
[2016/12/20 10:24:38 790] isr_local  1579 proc_retcode_grm | errorcode =  0  
[2016/12/20 10:24:38 894] isr_local  1956 grammar id:call  
[2016/12/20 10:24:38 894] isr_local  1571 onGrmLocalServiceCb  0  call  
