============================================================
Time  2017/01/11 16:21:24 470 
============================================================
[2017/01/11 16:21:24 471] isr_local  2145 os_type is:  Win32  
[2017/01/11 16:21:24 473] isr_local  2154 SYS_MSG_LOAD_LOCAL  
[2017/01/11 16:21:24 473] isr_local  2183 SYS_MSG_REGCB_LOCAL| param0 =  msp_status_cb  
[2017/01/11 16:21:24 473] isr_local  2242 last gc at  1484122884  
[2017/01/11 16:21:24 473] isr_local  2183 SYS_MSG_REGCB_LOCAL| param0 =  build_grm_cb  
[2017/01/11 16:21:24 474] isr_local  2242 last gc at  1484122884  
[2017/01/11 16:21:24 474] isr_local  2196 ASR_LOCAL_MSG_BUILD_GRM  
[2017/01/11 16:21:24 474] isr_local  1838 grm_init | params:  engine_type = local, 				asr_res_path = fo|res/asr/common.jet, sample_rate = 16000, 						grm_build_path = res/asr/GrmBuilld,   
[2017/01/11 16:21:24 474] isr_local  801  engine_type  :  local  
[2017/01/11 16:21:24 474] isr_local  801  asr_res_path  :  fo|res/asr/common.jet  
[2017/01/11 16:21:24 474] isr_local  801  sample_rate  :  16000  
[2017/01/11 16:21:24 474] isr_local  801  grm_build_path  :  res/asr/GrmBuilld  
[2017/01/11 16:21:24 476] isr_local  998  file count =   1  
[2017/01/11 16:21:24 476] isr_local  921  file open type is:   fo  
[2017/01/11 16:21:24 476] isr_local  954  res/asr/common.jet  0  0  
[2017/01/11 16:21:24 476] isr_local  1016 speech_plus_setting  0  
[2017/01/11 16:21:24 476] isr_local  1029 2  nil  res/asr/common.jet  0  0  
[2017/01/11 16:21:24 477] isr_local  1031 res_ver  2  
[2017/01/11 16:21:24 477] isr_local  1032 res 5  e07fd3be31efbde6ff386dd7655f8d5a  
[2017/01/11 16:21:24 477] isr_local  1033 res_new_old_mark  v5pp  
[2017/01/11 16:21:24 477] isr_local  1034 res_usr_name    
[2017/01/11 16:21:24 477] isr_local  1035 res_expires  1485157792  
[2017/01/11 16:21:24 477] isr_local  1036 err  0  
[2017/01/11 16:21:24 477] isr_local  1052 lgi appid 5  e07fd3be31efbde6ff386dd7655f8d5a  
[2017/01/11 16:21:24 477] isr_local  1067 now expires:  1484122884  1485157792  
[2017/01/11 16:21:24 479] isr_local  1579 proc_retcode_grm | errorcode =  0  
[2017/01/11 16:21:24 499] isr_local  1956 grammar id:mainUI  
[2017/01/11 16:21:24 500] isr_local  1571 onGrmLocalServiceCb  0  mainUI  
