============================================================
Time  2017/04/29 16:55:28 408 
============================================================
[2017/04/29 16:55:28 408] waiter     120  waiter loaded!  
[2017/04/29 16:55:28 410] network    806  update_iplist  
[2017/04/29 16:55:28 410] network    493  gethttpresp3  http://open.xf-yun.com:80/ipcfg.txt  standard  
[2017/04/29 16:55:28 410] network    465  gethttpresp  http://open.xf-yun.com:80/ipcfg.txt  
[2017/04/29 16:55:28 411] network    238  gethostbyname  open.xf-yun.com  _nw2  
[2017/04/29 16:55:28 411] waiter     196  last gc at  1493456128  
[2017/04/29 16:55:28 523] network    806  update_iplist  
[2017/04/29 16:55:28 523] waiter     196  last gc at  1493456128  
[2017/04/29 16:55:28 523] network    220  dns resp  0  _nw2  
[2017/04/29 16:55:28 523] network    451  gethttpresp dns ok  116.213.69.201  
[2017/04/29 16:55:28 523] network    417  gethttpresp2  116.213.69.201  80  _nw3  
[2017/04/29 16:55:28 615] network    323  connected  _nw3  
[2017/04/29 16:55:28 617] network    326  send ok  92  _nw3  
[2017/04/29 16:55:28 674] network    806  update_iplist  
[2017/04/29 16:55:28 674] waiter     196  last gc at  1493456128  
[2017/04/29 16:55:28 914] network    335  readable  _nw3  
[2017/04/29 16:55:28 917] network    730  update iplist http resp  table(56c7ab0) 0  udata(56c8d88) 
[2017/04/29 16:55:28 917] network    738  update iplist ok  
[2017/04/29 16:55:28 917] network    760  not encrypted!  
[2017/04/29 16:55:28 917] network    648  open.xf-yun.com  
[2017/04/29 16:55:28 917] network    659  bj  
[2017/04/29 16:55:28 917] network    661  bj  
[2017/04/29 16:55:28 918] network    93   iptoenv ,  ipcfg  open.xf-yun.com  cm  117.121.56.3  
[2017/04/29 16:55:28 918] network    93   iptoenv ,  ipcfg  open.xf-yun.com  ct  116.213.69.201  
[2017/04/29 16:55:28 920] network    93   iptoenv ,  ipcfg  open.xf-yun.com  cu  117.121.56.8  
[2017/04/29 16:55:28 921] network    93   iptoenv ,  ipcfg  open.xf-yun.com  def  116.213.69.199  
[2017/04/29 16:55:28 921] network    661  gz  
[2017/04/29 16:55:28 921] network    661  hf  
============================================================
Time  2017/05/02 13:53:35 505 
============================================================
[2017/05/02 13:53:35 505] waiter     120  waiter loaded!  
[2017/05/02 13:53:35 519] waiter     183  start upload timer  
[2017/05/02 13:53:35 519] waiter     184  false  
[2017/05/02 13:53:35 519] waiter     196  last gc at  1493704415  
============================================================
Time  2017/05/02 13:58:36 201 
============================================================
[2017/05/02 13:58:36 201] waiter     120  waiter loaded!  
[2017/05/02 13:58:36 203] network    806  update_iplist  
[2017/05/02 13:58:36 203] network    493  gethttpresp3  http://open.xf-yun.com:80/ipcfg.txt  standard  
[2017/05/02 13:58:36 203] network    465  gethttpresp  http://open.xf-yun.com:80/ipcfg.txt  
[2017/05/02 13:58:36 203] network    238  gethostbyname  open.xf-yun.com  _nw2  
[2017/05/02 13:58:36 203] waiter     196  last gc at  1493704716  
[2017/05/02 13:58:36 328] network    220  dns resp  0  _nw2  
[2017/05/02 13:58:36 328] network    451  gethttpresp dns ok  117.121.21.150  
[2017/05/02 13:58:36 328] network    417  gethttpresp2  117.121.21.150  80  _nw3  
[2017/05/02 13:58:36 341] network    806  update_iplist  
[2017/05/02 13:58:36 342] waiter     196  last gc at  1493704716  
[2017/05/02 13:58:36 384] network    323  connected  _nw3  
[2017/05/02 13:58:36 385] network    326  send ok  92  _nw3  
[2017/05/02 13:58:36 415] network    335  readable  _nw3  
[2017/05/02 13:58:36 428] network    335  readable  _nw3  
[2017/05/02 13:58:36 430] network    730  update iplist http resp  table(497ea30) 0  udata(497eb68) 
[2017/05/02 13:58:36 430] network    738  update iplist ok  
[2017/05/02 13:58:36 430] network    760  not encrypted!  
[2017/05/02 13:58:36 430] network    648  open.xf-yun.com  
[2017/05/02 13:58:36 430] network    659  bj  
[2017/05/02 13:58:36 444] network    661  bj  
[2017/05/02 13:58:36 444] network    93   iptoenv ,  ipcfg  open.xf-yun.com  cm  117.121.56.3  
[2017/05/02 13:58:36 444] network    93   iptoenv ,  ipcfg  open.xf-yun.com  ct  116.213.69.201  
[2017/05/02 13:58:36 444] network    93   iptoenv ,  ipcfg  open.xf-yun.com  cu  117.121.56.8  
[2017/05/02 13:58:36 444] network    93   iptoenv ,  ipcfg  open.xf-yun.com  def  116.213.69.199  
[2017/05/02 13:58:36 446] network    661  gz  
[2017/05/02 13:58:36 446] network    661  hf  
============================================================
Time  2017/05/02 14:26:57 052 
============================================================
[2017/05/02 14:26:57 052] waiter     120  waiter loaded!  
[2017/05/02 14:26:57 052] network    806  update_iplist  
[2017/05/02 14:26:57 052] network    493  gethttpresp3  http://open.xf-yun.com:80/ipcfg.txt  standard  
[2017/05/02 14:26:57 052] network    465  gethttpresp  http://open.xf-yun.com:80/ipcfg.txt  
[2017/05/02 14:26:57 052] network    238  gethostbyname  open.xf-yun.com  _nw2  
[2017/05/02 14:26:57 052] waiter     196  last gc at  1493706417  
[2017/05/02 14:26:57 167] network    220  dns resp  0  _nw2  
[2017/05/02 14:26:57 167] network    451  gethttpresp dns ok  59.107.24.11  
[2017/05/02 14:26:57 167] network    417  gethttpresp2  59.107.24.11  80  _nw3  
[2017/05/02 14:26:57 177] network    806  update_iplist  
[2017/05/02 14:26:57 177] waiter     196  last gc at  1493706417  
[2017/05/02 14:26:57 213] network    323  connected  _nw3  
[2017/05/02 14:26:57 214] network    326  send ok  92  _nw3  
[2017/05/02 14:26:58 319] network    806  update_iplist  
[2017/05/02 14:26:58 319] waiter     196  last gc at  1493706417  
[2017/05/02 14:27:00 186] network    271  resp timeout!  _nw3  
[2017/05/02 14:27:00 190] network    730  update iplist http resp  table(509fe80) 10114  nil  
============================================================
Time  2017/05/02 16:09:16 802 
============================================================
[2017/05/02 16:09:16 803] waiter     120  waiter loaded!  
[2017/05/02 16:09:16 803] network    806  update_iplist  
[2017/05/02 16:09:16 803] network    493  gethttpresp3  http://open.xf-yun.com:80/ipcfg.txt  standard  
[2017/05/02 16:09:16 803] network    465  gethttpresp  http://open.xf-yun.com:80/ipcfg.txt  
[2017/05/02 16:09:16 803] network    238  gethostbyname  open.xf-yun.com  _nw2  
[2017/05/02 16:09:16 805] waiter     196  last gc at  1493712556  
[2017/05/02 16:09:16 999] network    806  update_iplist  
[2017/05/02 16:09:16 999] waiter     196  last gc at  1493712556  
[2017/05/02 16:09:17 000] network    220  dns resp  0  _nw2  
[2017/05/02 16:09:17 000] network    451  gethttpresp dns ok  59.107.24.13  
[2017/05/02 16:09:17 000] network    417  gethttpresp2  59.107.24.13  80  _nw3  
[2017/05/02 16:09:17 134] network    323  connected  _nw3  
[2017/05/02 16:09:17 134] network    326  send ok  92  _nw3  
[2017/05/02 16:09:17 203] network    806  update_iplist  
[2017/05/02 16:09:17 203] waiter     196  last gc at  1493712556  
[2017/05/02 16:09:17 260] network    335  readable  _nw3  
[2017/05/02 16:09:17 275] network    335  readable  _nw3  
[2017/05/02 16:09:17 276] network    730  update iplist http resp  table(5467868) 0  udata(5467a00) 
[2017/05/02 16:09:17 276] network    738  update iplist ok  
[2017/05/02 16:09:17 276] network    760  not encrypted!  
[2017/05/02 16:09:17 278] network    648  open.xf-yun.com  
[2017/05/02 16:09:17 278] network    659  bj  
[2017/05/02 16:09:17 278] network    661  bj  
[2017/05/02 16:09:17 278] network    93   iptoenv ,  ipcfg  open.xf-yun.com  cm  117.121.56.3  
[2017/05/02 16:09:17 278] network    93   iptoenv ,  ipcfg  open.xf-yun.com  ct  116.213.69.201  
[2017/05/02 16:09:17 279] network    93   iptoenv ,  ipcfg  open.xf-yun.com  cu  117.121.56.8  
[2017/05/02 16:09:17 279] network    93   iptoenv ,  ipcfg  open.xf-yun.com  def  116.213.69.199  
[2017/05/02 16:09:17 280] network    661  gz  
[2017/05/02 16:09:17 280] network    661  hf  
============================================================
Time  2017/05/02 16:19:03 812 
============================================================
[2017/05/02 16:19:03 812] waiter     120  waiter loaded!  
[2017/05/02 16:19:03 813] network    806  update_iplist  
[2017/05/02 16:19:03 813] network    493  gethttpresp3  http://open.xf-yun.com:80/ipcfg.txt  standard  
[2017/05/02 16:19:03 813] network    465  gethttpresp  http://open.xf-yun.com:80/ipcfg.txt  
[2017/05/02 16:19:03 813] network    238  gethostbyname  open.xf-yun.com  _nw2  
[2017/05/02 16:19:03 813] waiter     196  last gc at  1493713143  
[2017/05/02 16:19:03 846] network    220  dns resp  0  _nw2  
[2017/05/02 16:19:03 846] network    451  gethttpresp dns ok  59.107.24.5  
[2017/05/02 16:19:03 848] network    417  gethttpresp2  59.107.24.5  80  _nw3  
[2017/05/02 16:19:03 878] network    806  update_iplist  
[2017/05/02 16:19:03 878] waiter     196  last gc at  1493713143  
[2017/05/02 16:19:03 921] network    323  connected  _nw3  
[2017/05/02 16:19:03 924] network    326  send ok  92  _nw3  
[2017/05/02 16:19:03 980] network    335  readable  _nw3  
[2017/05/02 16:19:03 980] network    730  update iplist http resp  table(4fb5e80) 0  udata(4fb6708) 
[2017/05/02 16:19:03 980] network    738  update iplist ok  
[2017/05/02 16:19:03 980] network    760  not encrypted!  
[2017/05/02 16:19:03 983] network    648  open.xf-yun.com  
[2017/05/02 16:19:03 983] network    659  bj  
[2017/05/02 16:19:03 983] network    661  bj  
[2017/05/02 16:19:03 983] network    93   iptoenv ,  ipcfg  open.xf-yun.com  cm  117.121.56.3  
[2017/05/02 16:19:03 983] network    93   iptoenv ,  ipcfg  open.xf-yun.com  ct  116.213.69.201  
[2017/05/02 16:19:03 983] network    93   iptoenv ,  ipcfg  open.xf-yun.com  cu  117.121.56.8  
[2017/05/02 16:19:03 984] network    93   iptoenv ,  ipcfg  open.xf-yun.com  def  116.213.69.199  
[2017/05/02 16:19:03 986] network    661  gz  
[2017/05/02 16:19:03 986] network    661  hf  
============================================================
Time  2017/06/03 20:18:10 111 
============================================================
[2017/06/03 20:18:10 111] waiter     120  waiter loaded!  
[2017/06/03 20:18:10 119] network    806  update_iplist  
[2017/06/03 20:18:10 119] network    493  gethttpresp3  http://open.xf-yun.com:80/ipcfg.txt  standard  
[2017/06/03 20:18:10 119] network    465  gethttpresp  http://open.xf-yun.com:80/ipcfg.txt  
[2017/06/03 20:18:10 119] network    238  gethostbyname  open.xf-yun.com  _nw2  
[2017/06/03 20:18:10 119] waiter     196  last gc at  1496492290  
[2017/06/03 20:18:10 164] network    220  dns resp  0  _nw2  
[2017/06/03 20:18:10 164] network    451  gethttpresp dns ok  117.121.21.147  
[2017/06/03 20:18:10 164] network    417  gethttpresp2  117.121.21.147  80  _nw3  
[2017/06/03 20:18:10 197] network    806  update_iplist  
[2017/06/03 20:18:10 197] waiter     196  last gc at  1496492290  
[2017/06/03 20:18:10 237] network    323  connected  _nw3  
[2017/06/03 20:18:10 240] network    326  send ok  92  _nw3  
[2017/06/03 20:18:10 276] network    335  readable  _nw3  
[2017/06/03 20:18:10 276] network    730  update iplist http resp  table(42ff3f8) 0  udata(5a56d38) 
[2017/06/03 20:18:10 276] network    738  update iplist ok  
[2017/06/03 20:18:10 276] network    760  not encrypted!  
[2017/06/03 20:18:10 279] network    648  open.xf-yun.com  
[2017/06/03 20:18:10 279] network    659  bj  
[2017/06/03 20:18:10 279] network    661  bj  
[2017/06/03 20:18:10 279] network    93   iptoenv ,  ipcfg  open.xf-yun.com  cm  117.121.56.3  
[2017/06/03 20:18:10 279] network    93   iptoenv ,  ipcfg  open.xf-yun.com  ct  116.213.69.201  
[2017/06/03 20:18:10 280] network    93   iptoenv ,  ipcfg  open.xf-yun.com  cu  117.121.56.8  
[2017/06/03 20:18:10 280] network    93   iptoenv ,  ipcfg  open.xf-yun.com  def  116.213.69.199  
[2017/06/03 20:18:10 282] network    661  gz  
[2017/06/03 20:18:10 282] network    661  hf  
============================================================
Time  2017/06/04 17:33:19 753 
============================================================
[2017/06/04 17:33:19 753] waiter     120  waiter loaded!  
[2017/06/04 17:33:19 778] network    806  update_iplist  
[2017/06/04 17:33:19 778] network    493  gethttpresp3  http://open.xf-yun.com:80/ipcfg.txt  standard  
[2017/06/04 17:33:19 778] network    465  gethttpresp  http://open.xf-yun.com:80/ipcfg.txt  
[2017/06/04 17:33:19 782] network    238  gethostbyname  open.xf-yun.com  _nw2  
[2017/06/04 17:33:19 782] waiter     196  last gc at  1496568799  
[2017/06/04 17:33:19 806] network    220  dns resp  0  _nw2  
[2017/06/04 17:33:19 806] network    451  gethttpresp dns ok  59.107.24.11  
[2017/06/04 17:33:19 806] network    417  gethttpresp2  59.107.24.11  80  _nw3  
[2017/06/04 17:33:19 842] network    806  update_iplist  
[2017/06/04 17:33:19 842] waiter     196  last gc at  1496568799  
[2017/06/04 17:33:19 884] network    323  connected  _nw3  
[2017/06/04 17:33:19 887] network    326  send ok  92  _nw3  
[2017/06/04 17:33:19 928] network    335  readable  _nw3  
[2017/06/04 17:33:19 930] network    730  update iplist http resp  table(41492a0) 0  udata(4146018) 
[2017/06/04 17:33:19 930] network    738  update iplist ok  
[2017/06/04 17:33:19 930] network    760  not encrypted!  
[2017/06/04 17:33:19 931] network    648  open.xf-yun.com  
[2017/06/04 17:33:19 933] network    659  bj  
[2017/06/04 17:33:19 933] network    661  bj  
[2017/06/04 17:33:19 933] network    93   iptoenv ,  ipcfg  open.xf-yun.com  cm  117.121.56.3  
[2017/06/04 17:33:19 933] network    93   iptoenv ,  ipcfg  open.xf-yun.com  ct  116.213.69.201  
[2017/06/04 17:33:19 934] network    93   iptoenv ,  ipcfg  open.xf-yun.com  cu  117.121.56.8  
[2017/06/04 17:33:19 934] network    93   iptoenv ,  ipcfg  open.xf-yun.com  def  116.213.69.199  
[2017/06/04 17:33:19 936] network    661  gz  
[2017/06/04 17:33:19 936] network    661  hf  
============================================================
Time  2017/06/04 17:44:49 437 
============================================================
[2017/06/04 17:44:49 437] waiter     120  waiter loaded!  
[2017/06/04 17:44:49 437] network    806  update_iplist  
[2017/06/04 17:44:49 437] network    493  gethttpresp3  http://open.xf-yun.com:80/ipcfg.txt  standard  
[2017/06/04 17:44:49 437] network    465  gethttpresp  http://open.xf-yun.com:80/ipcfg.txt  
[2017/06/04 17:44:49 437] network    238  gethostbyname  open.xf-yun.com  _nw2  
[2017/06/04 17:44:49 437] waiter     196  last gc at  1496569489  
[2017/06/04 17:44:49 450] network    220  dns resp  0  _nw2  
[2017/06/04 17:44:49 451] network    451  gethttpresp dns ok  59.107.24.13  
[2017/06/04 17:44:49 451] network    417  gethttpresp2  59.107.24.13  80  _nw3  
[2017/06/04 17:44:49 476] network    806  update_iplist  
[2017/06/04 17:44:49 476] waiter     196  last gc at  1496569489  
[2017/06/04 17:44:49 510] network    323  connected  _nw3  
[2017/06/04 17:44:49 512] network    326  send ok  92  _nw3  
[2017/06/04 17:44:49 556] network    335  readable  _nw3  
[2017/06/04 17:44:49 559] network    730  update iplist http resp  table(38d0ad0) 0  udata(38cd2d8) 
[2017/06/04 17:44:49 559] network    738  update iplist ok  
[2017/06/04 17:44:49 559] network    760  not encrypted!  
[2017/06/04 17:44:49 561] network    648  open.xf-yun.com  
[2017/06/04 17:44:49 561] network    659  bj  
[2017/06/04 17:44:49 561] network    661  bj  
[2017/06/04 17:44:49 561] network    93   iptoenv ,  ipcfg  open.xf-yun.com  cm  117.121.56.3  
[2017/06/04 17:44:49 561] network    93   iptoenv ,  ipcfg  open.xf-yun.com  ct  116.213.69.201  
[2017/06/04 17:44:49 562] network    93   iptoenv ,  ipcfg  open.xf-yun.com  cu  117.121.56.8  
[2017/06/04 17:44:49 562] network    93   iptoenv ,  ipcfg  open.xf-yun.com  def  116.213.69.199  
[2017/06/04 17:44:49 563] network    661  gz  
[2017/06/04 17:44:49 563] network    661  hf  
============================================================
Time  2017/06/06 01:38:49 282 
============================================================
[2017/06/06 01:38:49 283] waiter     120  waiter loaded!  
[2017/06/06 01:38:49 292] network    806  update_iplist  
[2017/06/06 01:38:49 292] network    493  gethttpresp3  http://open.xf-yun.com:80/ipcfg.txt  standard  
[2017/06/06 01:38:49 292] network    465  gethttpresp  http://open.xf-yun.com:80/ipcfg.txt  
[2017/06/06 01:38:49 292] network    238  gethostbyname  open.xf-yun.com  _nw2  
[2017/06/06 01:38:49 292] waiter     196  last gc at  1496684329  
[2017/06/06 01:38:49 332] network    220  dns resp  0  _nw2  
[2017/06/06 01:38:49 332] network    451  gethttpresp dns ok  117.121.21.150  
[2017/06/06 01:38:49 332] network    417  gethttpresp2  117.121.21.150  80  _nw3  
[2017/06/06 01:38:49 338] network    806  update_iplist  
[2017/06/06 01:38:49 338] waiter     196  last gc at  1496684329  
[2017/06/06 01:38:49 362] network    323  connected  _nw3  
[2017/06/06 01:38:49 364] network    326  send ok  92  _nw3  
[2017/06/06 01:38:49 411] network    335  readable  _nw3  
[2017/06/06 01:38:49 444] network    730  update iplist http resp  table(3ed4e40) 0  udata(3ed5548) 
[2017/06/06 01:38:49 444] network    738  update iplist ok  
[2017/06/06 01:38:49 444] network    760  not encrypted!  
[2017/06/06 01:38:49 447] network    648  open.xf-yun.com  
[2017/06/06 01:38:49 447] network    659  bj  
[2017/06/06 01:38:49 447] network    661  bj  
[2017/06/06 01:38:49 447] network    93   iptoenv ,  ipcfg  open.xf-yun.com  cm  117.121.56.3  
[2017/06/06 01:38:49 447] network    93   iptoenv ,  ipcfg  open.xf-yun.com  ct  116.213.69.201  
[2017/06/06 01:38:49 448] network    93   iptoenv ,  ipcfg  open.xf-yun.com  cu  117.121.56.8  
[2017/06/06 01:38:49 450] network    93   iptoenv ,  ipcfg  open.xf-yun.com  def  116.213.69.199  
[2017/06/06 01:38:49 450] network    661  gz  
[2017/06/06 01:38:49 450] network    661  hf  
============================================================
Time  2017/06/06 04:08:29 334 
============================================================
[2017/06/06 04:08:29 334] waiter     120  waiter loaded!  
[2017/06/06 04:08:29 345] network    806  update_iplist  
[2017/06/06 04:08:29 345] network    493  gethttpresp3  http://open.xf-yun.com:80/ipcfg.txt  standard  
[2017/06/06 04:08:29 345] network    465  gethttpresp  http://open.xf-yun.com:80/ipcfg.txt  
[2017/06/06 04:08:29 345] network    238  gethostbyname  open.xf-yun.com  _nw2  
[2017/06/06 04:08:29 345] waiter     196  last gc at  1496693309  
[2017/06/06 04:08:29 387] network    220  dns resp  0  _nw2  
[2017/06/06 04:08:29 387] network    451  gethttpresp dns ok  117.121.21.147  
[2017/06/06 04:08:29 387] network    417  gethttpresp2  117.121.21.147  80  _nw3  
[2017/06/06 04:08:29 392] network    806  update_iplist  
[2017/06/06 04:08:29 392] waiter     196  last gc at  1496693309  
[2017/06/06 04:08:29 447] network    323  connected  _nw3  
[2017/06/06 04:08:29 447] network    326  send ok  92  _nw3  
[2017/06/06 04:08:29 477] network    335  readable  _nw3  
[2017/06/06 04:08:29 513] network    730  update iplist http resp  table(427f9b8) 0  udata(427ff10) 
[2017/06/06 04:08:29 513] network    738  update iplist ok  
[2017/06/06 04:08:29 513] network    760  not encrypted!  
[2017/06/06 04:08:29 515] network    648  open.xf-yun.com  
[2017/06/06 04:08:29 515] network    659  bj  
[2017/06/06 04:08:29 515] network    661  bj  
[2017/06/06 04:08:29 515] network    93   iptoenv ,  ipcfg  open.xf-yun.com  cm  117.121.56.3  
[2017/06/06 04:08:29 516] network    93   iptoenv ,  ipcfg  open.xf-yun.com  ct  116.213.69.201  
[2017/06/06 04:08:29 516] network    93   iptoenv ,  ipcfg  open.xf-yun.com  cu  117.121.56.8  
[2017/06/06 04:08:29 517] network    93   iptoenv ,  ipcfg  open.xf-yun.com  def  116.213.69.199  
[2017/06/06 04:08:29 519] network    661  gz  
[2017/06/06 04:08:29 519] network    661  hf  
============================================================
Time  2017/06/06 09:00:13 201 
============================================================
[2017/06/06 09:00:13 201] waiter     120  waiter loaded!  
[2017/06/06 09:00:13 219] network    806  update_iplist  
[2017/06/06 09:00:13 219] network    493  gethttpresp3  http://open.xf-yun.com:80/ipcfg.txt  standard  
[2017/06/06 09:00:13 219] network    465  gethttpresp  http://open.xf-yun.com:80/ipcfg.txt  
[2017/06/06 09:00:13 219] network    238  gethostbyname  open.xf-yun.com  _nw2  
[2017/06/06 09:00:13 219] waiter     196  last gc at  1496710813  
[2017/06/06 09:00:13 243] network    220  dns resp  0  _nw2  
[2017/06/06 09:00:13 243] network    451  gethttpresp dns ok  117.121.21.146  
[2017/06/06 09:00:13 243] network    417  gethttpresp2  117.121.21.146  80  _nw3  
[2017/06/06 09:00:13 247] network    806  update_iplist  
[2017/06/06 09:00:13 247] waiter     196  last gc at  1496710813  
[2017/06/06 09:00:13 278] network    323  connected  _nw3  
[2017/06/06 09:00:13 279] network    326  send ok  92  _nw3  
[2017/06/06 09:00:13 322] network    335  readable  _nw3  
[2017/06/06 09:00:13 331] network    730  update iplist http resp  table(3bf28e8) 0  udata(3bf2ea0) 
[2017/06/06 09:00:13 331] network    738  update iplist ok  
[2017/06/06 09:00:13 331] network    760  not encrypted!  
[2017/06/06 09:00:13 332] network    648  open.xf-yun.com  
[2017/06/06 09:00:13 332] network    659  bj  
[2017/06/06 09:00:13 332] network    661  bj  
[2017/06/06 09:00:13 332] network    93   iptoenv ,  ipcfg  open.xf-yun.com  cm  117.121.56.3  
[2017/06/06 09:00:13 332] network    93   iptoenv ,  ipcfg  open.xf-yun.com  ct  116.213.69.201  
[2017/06/06 09:00:13 334] network    93   iptoenv ,  ipcfg  open.xf-yun.com  cu  117.121.56.8  
[2017/06/06 09:00:13 335] network    93   iptoenv ,  ipcfg  open.xf-yun.com  def  116.213.69.199  
[2017/06/06 09:00:13 335] network    661  gz  
[2017/06/06 09:00:13 335] network    661  hf  
============================================================
Time  2017/06/06 09:01:34 227 
============================================================
[2017/06/06 09:01:34 229] waiter     120  waiter loaded!  
[2017/06/06 09:01:34 229] network    806  update_iplist  
[2017/06/06 09:01:34 229] network    493  gethttpresp3  http://open.xf-yun.com:80/ipcfg.txt  standard  
[2017/06/06 09:01:34 229] network    465  gethttpresp  http://open.xf-yun.com:80/ipcfg.txt  
[2017/06/06 09:01:34 229] network    238  gethostbyname  open.xf-yun.com  _nw2  
[2017/06/06 09:01:34 229] waiter     196  last gc at  1496710894  
[2017/06/06 09:01:34 262] network    220  dns resp  0  _nw2  
[2017/06/06 09:01:34 262] network    451  gethttpresp dns ok  117.121.21.150  
[2017/06/06 09:01:34 262] network    417  gethttpresp2  117.121.21.150  80  _nw3  
[2017/06/06 09:01:34 292] network    806  update_iplist  
[2017/06/06 09:01:34 292] waiter     196  last gc at  1496710894  
[2017/06/06 09:01:34 319] network    323  connected  _nw3  
[2017/06/06 09:01:34 319] network    326  send ok  92  _nw3  
[2017/06/06 09:01:34 349] network    335  readable  _nw3  
[2017/06/06 09:01:34 365] network    335  readable  _nw3  
[2017/06/06 09:01:34 367] network    730  update iplist http resp  table(3774048) 0  udata(37743f0) 
[2017/06/06 09:01:34 367] network    738  update iplist ok  
[2017/06/06 09:01:34 367] network    760  not encrypted!  
[2017/06/06 09:01:34 368] network    648  open.xf-yun.com  
[2017/06/06 09:01:34 368] network    659  bj  
[2017/06/06 09:01:34 368] network    661  bj  
[2017/06/06 09:01:34 368] network    93   iptoenv ,  ipcfg  open.xf-yun.com  cm  117.121.56.3  
[2017/06/06 09:01:34 368] network    93   iptoenv ,  ipcfg  open.xf-yun.com  ct  116.213.69.201  
[2017/06/06 09:01:34 369] network    93   iptoenv ,  ipcfg  open.xf-yun.com  cu  117.121.56.8  
[2017/06/06 09:01:34 369] network    93   iptoenv ,  ipcfg  open.xf-yun.com  def  116.213.69.199  
[2017/06/06 09:01:34 371] network    661  gz  
[2017/06/06 09:01:34 371] network    661  hf  
============================================================
Time  2017/06/06 09:09:41 818 
============================================================
[2017/06/06 09:09:41 818] waiter     120  waiter loaded!  
[2017/06/06 09:09:41 819] network    806  update_iplist  
[2017/06/06 09:09:41 819] network    493  gethttpresp3  http://open.xf-yun.com:80/ipcfg.txt  standard  
[2017/06/06 09:09:41 819] network    465  gethttpresp  http://open.xf-yun.com:80/ipcfg.txt  
[2017/06/06 09:09:41 819] network    238  gethostbyname  open.xf-yun.com  _nw2  
[2017/06/06 09:09:41 819] waiter     196  last gc at  1496711381  
[2017/06/06 09:09:41 867] network    220  dns resp  0  _nw2  
[2017/06/06 09:09:41 867] network    451  gethttpresp dns ok  117.121.21.147  
[2017/06/06 09:09:41 868] network    417  gethttpresp2  117.121.21.147  80  _nw3  
[2017/06/06 09:09:41 898] network    806  update_iplist  
[2017/06/06 09:09:41 898] waiter     196  last gc at  1496711381  
[2017/06/06 09:09:41 926] network    323  connected  _nw3  
[2017/06/06 09:09:41 927] network    326  send ok  92  _nw3  
[2017/06/06 09:09:41 953] network    335  readable  _nw3  
[2017/06/06 09:09:41 970] network    335  readable  _nw3  
[2017/06/06 09:09:41 970] network    730  update iplist http resp  table(415f460) 0  udata(464f580) 
[2017/06/06 09:09:41 970] network    738  update iplist ok  
[2017/06/06 09:09:41 970] network    760  not encrypted!  
[2017/06/06 09:09:41 973] network    648  open.xf-yun.com  
[2017/06/06 09:09:41 973] network    659  bj  
[2017/06/06 09:09:41 973] network    661  bj  
[2017/06/06 09:09:41 973] network    93   iptoenv ,  ipcfg  open.xf-yun.com  cm  117.121.56.3  
[2017/06/06 09:09:41 973] network    93   iptoenv ,  ipcfg  open.xf-yun.com  ct  116.213.69.201  
[2017/06/06 09:09:41 973] network    93   iptoenv ,  ipcfg  open.xf-yun.com  cu  117.121.56.8  
[2017/06/06 09:09:41 974] network    93   iptoenv ,  ipcfg  open.xf-yun.com  def  116.213.69.199  
[2017/06/06 09:09:41 976] network    661  gz  
[2017/06/06 09:09:41 976] network    661  hf  
============================================================
Time  2017/06/06 09:13:47 072 
============================================================
[2017/06/06 09:13:47 072] waiter     120  waiter loaded!  
[2017/06/06 09:13:47 072] network    806  update_iplist  
[2017/06/06 09:13:47 072] network    493  gethttpresp3  http://open.xf-yun.com:80/ipcfg.txt  standard  
[2017/06/06 09:13:47 072] network    465  gethttpresp  http://open.xf-yun.com:80/ipcfg.txt  
[2017/06/06 09:13:47 072] network    238  gethostbyname  open.xf-yun.com  _nw2  
[2017/06/06 09:13:47 072] waiter     196  last gc at  1496711627  
[2017/06/06 09:13:47 124] network    220  dns resp  0  _nw2  
[2017/06/06 09:13:47 124] network    451  gethttpresp dns ok  117.121.21.147  
[2017/06/06 09:13:47 124] network    417  gethttpresp2  117.121.21.147  80  _nw3  
[2017/06/06 09:13:47 154] network    806  update_iplist  
[2017/06/06 09:13:47 154] waiter     196  last gc at  1496711627  
[2017/06/06 09:13:47 203] network    323  connected  _nw3  
[2017/06/06 09:13:47 206] network    326  send ok  92  _nw3  
[2017/06/06 09:13:47 240] network    335  readable  _nw3  
[2017/06/06 09:13:47 243] network    730  update iplist http resp  table(397a568) 0  udata(2b6a2b8) 
[2017/06/06 09:13:47 243] network    738  update iplist ok  
[2017/06/06 09:13:47 243] network    760  not encrypted!  
[2017/06/06 09:13:47 243] network    648  open.xf-yun.com  
[2017/06/06 09:13:47 243] network    659  bj  
[2017/06/06 09:13:47 243] network    661  bj  
[2017/06/06 09:13:47 244] network    93   iptoenv ,  ipcfg  open.xf-yun.com  cm  117.121.56.3  
[2017/06/06 09:13:47 244] network    93   iptoenv ,  ipcfg  open.xf-yun.com  ct  116.213.69.201  
[2017/06/06 09:13:47 246] network    93   iptoenv ,  ipcfg  open.xf-yun.com  cu  117.121.56.8  
[2017/06/06 09:13:47 246] network    93   iptoenv ,  ipcfg  open.xf-yun.com  def  116.213.69.199  
[2017/06/06 09:13:47 247] network    661  gz  
[2017/06/06 09:13:47 247] network    661  hf  
============================================================
Time  2017/06/06 09:24:30 969 
============================================================
[2017/06/06 09:24:30 969] waiter     120  waiter loaded!  
[2017/06/06 09:24:30 970] network    806  update_iplist  
[2017/06/06 09:24:30 970] network    493  gethttpresp3  http://open.xf-yun.com:80/ipcfg.txt  standard  
[2017/06/06 09:24:30 970] network    465  gethttpresp  http://open.xf-yun.com:80/ipcfg.txt  
[2017/06/06 09:24:30 970] network    238  gethostbyname  open.xf-yun.com  _nw2  
[2017/06/06 09:24:30 970] waiter     196  last gc at  1496712270  
[2017/06/06 09:24:31 046] network    220  dns resp  0  _nw2  
[2017/06/06 09:24:31 046] network    451  gethttpresp dns ok  117.121.21.146  
[2017/06/06 09:24:31 066] network    417  gethttpresp2  117.121.21.146  80  _nw3  
[2017/06/06 09:24:31 095] network    806  update_iplist  
[2017/06/06 09:24:31 095] waiter     196  last gc at  1496712270  
[2017/06/06 09:24:31 122] network    323  connected  _nw3  
[2017/06/06 09:24:31 125] network    326  send ok  92  _nw3  
[2017/06/06 09:24:31 154] network    335  readable  _nw3  
[2017/06/06 09:24:31 171] network    335  readable  _nw3  
[2017/06/06 09:24:31 171] network    730  update iplist http resp  table(3c7b878) 0  udata(3c7c070) 
[2017/06/06 09:24:31 171] network    738  update iplist ok  
[2017/06/06 09:24:31 171] network    760  not encrypted!  
[2017/06/06 09:24:31 173] network    648  open.xf-yun.com  
[2017/06/06 09:24:31 173] network    659  bj  
[2017/06/06 09:24:31 173] network    661  bj  
[2017/06/06 09:24:31 174] network    93   iptoenv ,  ipcfg  open.xf-yun.com  cm  117.121.56.3  
[2017/06/06 09:24:31 174] network    93   iptoenv ,  ipcfg  open.xf-yun.com  ct  116.213.69.201  
[2017/06/06 09:24:31 174] network    93   iptoenv ,  ipcfg  open.xf-yun.com  cu  117.121.56.8  
[2017/06/06 09:24:31 174] network    93   iptoenv ,  ipcfg  open.xf-yun.com  def  116.213.69.199  
[2017/06/06 09:24:31 176] network    661  gz  
[2017/06/06 09:24:31 176] network    661  hf  
