Fri Jan 13 15:13:06 2017 : confidence=0 grammar=0 input=”È¿÷

Fri Jan 13 15:13:10 2017 : confidence=64 grammar=0 input=Ω–«π

Fri Jan 13 15:13:12 2017 : confidence=36 grammar=0 input=±Í∂®

Fri Jan 13 15:13:15 2017 : confidence=44 grammar=0 input=Ω–«π

Fri Jan 13 15:13:19 2017 : confidence=2 grammar=0 input=—µ¡∑

Fri Jan 13 15:13:25 2017 : confidence=4 grammar=0 input=Ω–«π

Fri Jan 13 15:13:29 2017 : confidence=24 grammar=0 input=—µ¡∑

Fri Jan 13 15:13:36 2017 : confidence=66 grammar=0 input=—µ¡∑

Fri Jan 13 15:13:38 2017 : confidence=48 grammar=0 input=—µ¡∑

Fri Jan 13 15:13:42 2017 : confidence=33 grammar=0 input=”È¿÷

Fri Jan 13 15:13:44 2017 : confidence=30 grammar=0 input=øº∫À

Fri Jan 13 15:13:48 2017 : confidence=51 grammar=0 input=±Í∂®

Fri Jan 13 15:13:51 2017 : confidence=62 grammar=0 input=Ω–«π

Fri Jan 13 15:13:54 2017 : confidence=54 grammar=0 input=–£«π

Fri Jan 13 15:14:03 2017 : confidence=35 grammar=0 input=øº∫À

Fri Jan 13 15:14:06 2017 : confidence=41 grammar=0 input=”È¿÷

Fri Jan 13 15:14:12 2017 : confidence=39 grammar=0 input=øº∫À

Fri Jan 13 15:14:19 2017 : confidence=60 grammar=0 input=—µ¡∑

Fri Jan 13 15:14:22 2017 : confidence=68 grammar=0 input=øº∫À

Fri Jan 13 15:14:25 2017 : confidence=94 grammar=0 input=±Í∂®

Fri Jan 13 15:14:31 2017 : confidence=78 grammar=0 input=±Í∂®

Fri Jan 13 15:14:34 2017 : confidence=47 grammar=0 input=Ω–«π

Fri Jan 13 15:14:37 2017 : confidence=48 grammar=0 input=øº∫À

Fri Jan 13 15:14:42 2017 : confidence=63 grammar=0 input=øº∫À

