Fri Jan 13 15:15:41 2017 : confidence=59 grammar=0 input=零一

Fri Jan 13 15:15:43 2017 : confidence=81 grammar=0 input=零四

Fri Jan 13 15:15:45 2017 : confidence=55 grammar=0 input=零三

Fri Jan 13 15:15:51 2017 : confidence=72 grammar=0 input=返回

Fri Jan 13 15:15:54 2017 : confidence=47 grammar=0 input=返回

Fri Jan 13 15:16:00 2017 : confidence=16 grammar=0 input=零二

Fri Jan 13 15:16:02 2017 : confidence=54 grammar=0 input=返回

Fri Jan 13 15:16:04 2017 : confidence=67 grammar=0 input=零二

Fri Jan 13 15:16:07 2017 : confidence=23 grammar=0 input=零四

Fri Jan 13 15:16:09 2017 : confidence=96 grammar=0 input=零二

Fri Jan 13 15:16:13 2017 : confidence=44 grammar=0 input=零三

Fri Jan 13 15:16:15 2017 : confidence=47 grammar=0 input=零三

Fri Jan 13 15:16:16 2017 : confidence=63 grammar=0 input=零三

Fri Jan 13 15:16:18 2017 : confidence=48 grammar=0 input=零三

Fri Jan 13 15:16:22 2017 : confidence=47 grammar=0 input=零二

Fri Jan 13 15:16:24 2017 : confidence=68 grammar=0 input=零二

Fri Jan 13 15:16:29 2017 : confidence=29 grammar=0 input=零二

Fri Jan 13 15:16:32 2017 : confidence=33 grammar=0 input=零二

Fri Jan 13 15:16:37 2017 : confidence=9 grammar=0 input=返回

Fri Jan 13 15:16:43 2017 : confidence=43 grammar=0 input=零二

Fri Jan 13 15:16:46 2017 : confidence=0 grammar=0 input=零二

Fri Jan 13 15:17:02 2017 : confidence=0 grammar=0 input=零二

Fri Jan 13 15:17:05 2017 : confidence=0 grammar=0 input=零一

Fri Jan 13 15:17:10 2017 : confidence=1 grammar=0 input=返回

