Mon Jan 16 16:57:35 2017 : {
  "sn":1,
  "ls":true,
  "bg":0,
  "ed":0,
  "ws":[{
      "bg":0,
      "slot":"标定",
      "cw":[{
          "sc":0,
          "id":2,
          "w":"标定",
          "gm":0
        }]
    }],
  "sc":1
}

Mon Jan 16 16:57:41 2017 : {
  "sn":1,
  "ls":true,
  "bg":0,
  "ed":0,
  "ws":[{
      "bg":0,
      "slot":"娱乐",
      "cw":[{
          "sc":1,
          "id":5,
          "w":"娱乐",
          "gm":0
        }]
    }],
  "sc":2
}

Mon Jan 16 16:57:45 2017 : {
  "sn":1,
  "ls":true,
  "bg":0,
  "ed":0,
  "ws":[{
      "bg":0,
      "slot":"娱乐",
      "cw":[{
          "sc":4,
          "id":5,
          "w":"娱乐",
          "gm":0
        }]
    }],
  "sc":0
}

Mon Jan 16 16:57:47 2017 : {
  "sn":1,
  "ls":true,
  "bg":0,
  "ed":0,
  "ws":[{
      "bg":0,
      "slot":"娱乐",
      "cw":[{
          "sc":3,
          "id":5,
          "w":"娱乐",
          "gm":0
        }]
    }],
  "sc":0
}

Mon Jan 16 16:57:50 2017 : {
  "sn":1,
  "ls":true,
  "bg":0,
  "ed":0,
  "ws":[{
      "bg":0,
      "slot":"考核",
      "cw":[{
          "sc":0,
          "id":4,
          "w":"考核",
          "gm":0
        }]
    }],
  "sc":0
}

Mon Jan 16 16:57:56 2017 : {
  "sn":1,
  "ls":true,
  "bg":0,
  "ed":0,
  "ws":[{
      "bg":0,
      "slot":"叫枪",
      "cw":[{
          "sc":21,
          "id":1,
          "w":"叫枪",
          "gm":0
        }]
    }],
  "sc":14
}

Mon Jan 16 16:57:58 2017 : {
  "sn":1,
  "ls":true,
  "bg":0,
  "ed":0,
  "ws":[{
      "bg":0,
      "slot":"娱乐",
      "cw":[{
          "sc":0,
          "id":5,
          "w":"娱乐",
          "gm":0
        }]
    }],
  "sc":0
}

