Fri Jan 13 16:38:18 2017 : confidence=52 grammar=0 input=零一

Fri Jan 13 16:38:21 2017 : confidence=41 grammar=0 input=零二

Fri Jan 13 16:38:24 2017 : confidence=39 grammar=0 input=零二

Fri Jan 13 16:38:26 2017 : confidence=79 grammar=0 input=零三

Fri Jan 13 16:38:32 2017 : confidence=36 grammar=0 input=零三

Fri Jan 13 16:38:35 2017 : confidence=36 grammar=0 input=零二

Fri Jan 13 16:38:37 2017 : confidence=34 grammar=0 input=零二

Fri Jan 13 16:38:45 2017 : confidence=3 grammar=0 input=零一

Fri Jan 13 16:38:49 2017 : confidence=54 grammar=0 input=零二

Fri Jan 13 16:38:55 2017 : confidence=31 grammar=0 input=零一

Fri Jan 13 16:38:58 2017 : confidence=97 grammar=0 input=返回

Fri Jan 13 16:39:00 2017 : confidence=37 grammar=0 input=零二

Fri Jan 13 16:39:03 2017 : confidence=12 grammar=0 input=零二

Fri Jan 13 16:39:09 2017 : confidence=62 grammar=0 input=零四

Fri Jan 13 16:39:23 2017 : confidence=37 grammar=0 input=零一

Fri Jan 13 16:39:25 2017 : confidence=48 grammar=0 input=零一

Fri Jan 13 16:39:28 2017 : confidence=25 grammar=0 input=零一

Fri Jan 13 16:39:42 2017 : confidence=75 grammar=0 input=零四

Fri Jan 13 16:39:44 2017 : confidence=70 grammar=0 input=零三

Fri Jan 13 16:40:10 2017 : confidence=11 grammar=0 input=返回

Fri Jan 13 16:40:29 2017 : confidence=3 grammar=0 input=零四

Fri Jan 13 16:40:40 2017 : confidence=0 grammar=0 input=零四

Fri Jan 13 16:40:44 2017 : confidence=4 grammar=0 input=返回

Fri Jan 13 16:40:59 2017 : confidence=0 grammar=0 input=返回

Fri Jan 13 16:41:10 2017 : confidence=3 grammar=0 input=零一

