Tue Jan 17 14:45:15 2017 : {
  "sn":1,
  "ls":true,
  "bg":0,
  "ed":0,
  "ws":[{
      "bg":0,
      "cw":[{
          "sc":88,
          "id":3,
          "gm":0,
          "w":"训练"
        }],
      "slot":"训练"
    }],
  "sc":82
}

Tue Jan 17 14:45:17 2017 : {
  "sn":1,
  "ls":true,
  "bg":0,
  "ed":0,
  "ws":[{
      "bg":0,
      "cw":[{
          "sc":5,
          "id":2,
          "gm":0,
          "w":"标定"
        }],
      "slot":"标定"
    }],
  "sc":5
}

Tue Jan 17 14:45:19 2017 : {
  "sn":1,
  "ls":true,
  "bg":0,
  "ed":0,
  "ws":[{
      "bg":0,
      "cw":[{
          "sc":85,
          "id":3,
          "gm":0,
          "w":"训练"
        }],
      "slot":"训练"
    }],
  "sc":74
}

Tue Jan 17 14:45:24 2017 : {
  "sn":1,
  "ls":true,
  "bg":0,
  "ed":0,
  "ws":[{
      "bg":0,
      "cw":[{
          "sc":4,
          "id":4,
          "gm":0,
          "w":"考核"
        }],
      "slot":"考核"
    }],
  "sc":3
}

Tue Jan 17 14:45:27 2017 : {
  "sn":1,
  "ls":true,
  "bg":0,
  "ed":0,
  "ws":[{
      "bg":0,
      "cw":[{
          "sc":8,
          "id":5,
          "gm":0,
          "w":"娱乐"
        }],
      "slot":"娱乐"
    }],
  "sc":13
}

Tue Jan 17 14:45:32 2017 : {
  "sn":1,
  "ls":true,
  "bg":0,
  "ed":0,
  "ws":[{
      "bg":0,
      "cw":[{
          "sc":69,
          "id":5,
          "gm":0,
          "w":"娱乐"
        }],
      "slot":"娱乐"
    }],
  "sc":61
}

