Sat Jan 14 11:26:36 2017 : confidence=19 grammar=0 input=±Í∂®

Sat Jan 14 11:26:39 2017 : confidence=50 grammar=0 input=Ω–«π

Sat Jan 14 11:26:41 2017 : confidence=57 grammar=0 input=Ω–«π

Sat Jan 14 11:26:44 2017 : confidence=50 grammar=0 input=—µ¡∑

Sat Jan 14 11:26:47 2017 : confidence=20 grammar=0 input=”È¿÷

Sat Jan 14 11:26:52 2017 : confidence=4 grammar=0 input=”È¿÷

Sat Jan 14 11:27:02 2017 : confidence=49 grammar=0 input=”È¿÷

Sat Jan 14 11:27:09 2017 : confidence=32 grammar=0 input=”È¿÷

Sat Jan 14 11:27:11 2017 : confidence=35 grammar=0 input=”È¿÷

Sat Jan 14 11:27:15 2017 : confidence=0 grammar=0 input=”È¿÷

Sat Jan 14 11:27:30 2017 : confidence=21 grammar=0 input=—µ¡∑

Sat Jan 14 11:27:32 2017 : confidence=0 grammar=0 input=øº∫À

Sat Jan 14 11:27:36 2017 : confidence=67 grammar=0 input=”È¿÷

Sat Jan 14 11:27:37 2017 : confidence=46 grammar=0 input=”È¿÷

Sat Jan 14 11:27:40 2017 : confidence=1 grammar=0 input=øº∫À

Sat Jan 14 11:27:41 2017 : confidence=0 grammar=0 input=”È¿÷

Sat Jan 14 11:27:44 2017 : confidence=2 grammar=0 input=”È¿÷

Sat Jan 14 11:27:46 2017 : confidence=18 grammar=0 input=øº∫À

Sat Jan 14 11:27:49 2017 : confidence=3 grammar=0 input=”È¿÷

Sat Jan 14 11:27:53 2017 : confidence=4 grammar=0 input=øº∫À

Sat Jan 14 11:27:57 2017 : confidence=16 grammar=0 input=—µ¡∑

Sat Jan 14 11:28:01 2017 : confidence=35 grammar=0 input=—µ¡∑

Sat Jan 14 11:28:02 2017 : confidence=51 grammar=0 input=—µ¡∑

Sat Jan 14 11:28:05 2017 : confidence=6 grammar=0 input=øº∫À

Sat Jan 14 11:28:07 2017 : confidence=9 grammar=0 input=øº∫À

Sat Jan 14 11:28:12 2017 : confidence=21 grammar=0 input=øº∫À

Sat Jan 14 11:28:17 2017 : confidence=32 grammar=0 input=”È¿÷

Sat Jan 14 11:28:22 2017 : confidence=0 grammar=0 input=±Í∂®

Sat Jan 14 11:28:26 2017 : confidence=0 grammar=0 input=”È¿÷

Sat Jan 14 11:28:31 2017 : confidence=6 grammar=0 input=”È¿÷

Sat Jan 14 11:28:34 2017 : confidence=17 grammar=0 input=”È¿÷

Sat Jan 14 11:28:46 2017 : confidence=22 grammar=0 input=”È¿÷

Sat Jan 14 11:28:48 2017 : confidence=0 grammar=0 input=”È¿÷

Sat Jan 14 11:28:54 2017 : confidence=10 grammar=0 input=”È¿÷

Sat Jan 14 11:29:38 2017 : confidence=25 grammar=0 input=øº∫À

Sat Jan 14 11:29:41 2017 : confidence=9 grammar=0 input=”È¿÷

Sat Jan 14 11:29:48 2017 : confidence=29 grammar=0 input=øº∫À

Sat Jan 14 11:29:54 2017 : confidence=0 grammar=0 input=”È¿÷

Sat Jan 14 11:29:57 2017 : confidence=28 grammar=0 input=—µ¡∑

Sat Jan 14 11:30:00 2017 : confidence=61 grammar=0 input=”È¿÷

Sat Jan 14 11:30:03 2017 : confidence=53 grammar=0 input=”È¿÷

Sat Jan 14 11:30:06 2017 : confidence=71 grammar=0 input=±Í∂®

Sat Jan 14 11:30:08 2017 : confidence=31 grammar=0 input=±Í∂®

Sat Jan 14 11:30:12 2017 : confidence=55 grammar=0 input=—µ¡∑

Sat Jan 14 11:30:26 2017 : confidence=43 grammar=0 input=øº∫À

Sat Jan 14 11:30:30 2017 : confidence=2 grammar=0 input=”È¿÷

Sat Jan 14 11:30:33 2017 : confidence=14 grammar=0 input=”È¿÷

Sat Jan 14 11:30:36 2017 : confidence=0 grammar=0 input=”È¿÷

Sat Jan 14 11:30:38 2017 : confidence=8 grammar=0 input=”È¿÷

Sat Jan 14 11:30:42 2017 : confidence=4 grammar=0 input=øº∫À

Sat Jan 14 11:30:45 2017 : confidence=3 grammar=0 input=”È¿÷

Sat Jan 14 11:30:48 2017 : confidence=2 grammar=0 input=øº∫À

Sat Jan 14 11:30:52 2017 : confidence=1 grammar=0 input=øº∫À

