Tue Jan 17 14:51:07 2017 : {
  "sn":1,
  "ls":true,
  "bg":0,
  "ed":0,
  "ws":[{
      "bg":0,
      "slot":"训练",
      "cw":[{
          "id":3,
          "w":"训练",
          "gm":0,
          "sc":58
        }]
    }],
  "sc":59
}

Tue Jan 17 14:51:09 2017 : {
  "sn":1,
  "ls":true,
  "bg":0,
  "ed":0,
  "ws":[{
      "bg":0,
      "slot":"考核",
      "cw":[{
          "id":4,
          "w":"考核",
          "gm":0,
          "sc":47
        }]
    }],
  "sc":60
}

Tue Jan 17 14:51:15 2017 : {
  "sn":1,
  "ls":true,
  "bg":0,
  "ed":0,
  "ws":[{
      "bg":0,
      "slot":"训练",
      "cw":[{
          "id":3,
          "w":"训练",
          "gm":0,
          "sc":33
        }]
    }],
  "sc":34
}

Tue Jan 17 14:51:18 2017 : {
  "sn":1,
  "ls":true,
  "bg":0,
  "ed":0,
  "ws":[{
      "bg":0,
      "slot":"娱乐",
      "cw":[{
          "id":5,
          "w":"娱乐",
          "gm":0,
          "sc":0
        }]
    }],
  "sc":0
}

Tue Jan 17 14:51:24 2017 : {
  "sn":1,
  "ls":true,
  "bg":0,
  "ed":0,
  "ws":[{
      "bg":0,
      "slot":"娱乐",
      "cw":[{
          "id":5,
          "w":"娱乐",
          "gm":0,
          "sc":1
        }]
    }],
  "sc":3
}

